START report: Fri Oct 20 02:29:09 2017 
** Warning: (eldo - 1615)  In file "./multi_tsmc018a.cir" line 11:
+   COMMAND ".TRAN": TPRINT can not be <= 0.0.
+   It is set to TSTOP/20.0 = 1.000e-07 s.
** Warning: (eldo - 109)  NODE "X_MASTERSLAVEDFLIPFLOPNEW_CIR10_ESC14.X_DFLIPFLOPNOINVNEW_CIR1_ESC7.VSS": This bulk node is not biased. 
** Warning: (eldo - 109)  NODE "X_MASTERSLAVEDFLIPFLOPNEW_CIR10_ESC14.X_DFLIPFLOPNOINVNEW_CIR1_ESC7.X_INVERTER_CIR3_ESC3.VSS": This bulk node is not biased. 
** Warning: (eldo - 109)  NODE "X_MASTERSLAVEDFLIPFLOPNEW_CIR10_ESC14.X_DFLIPFLOPNOINVNEW_CIR1_ESC7.X_INVERTER_CIR2_ESC4.VSS": This bulk node is not biased. 
** Warning: (eldo - 109)  NODE "X_MASTERSLAVEDFLIPFLOPNEW_CIR10_ESC14.X_DFLIPFLOPNOINVNEW_CIR1_ESC7.X_INVERTER_CIR1_ESC5.VSS": This bulk node is not biased. 
** Warning: (eldo - 109)  NODE "X_MASTERSLAVEDFLIPFLOPNEW_CIR10_ESC14.X_DFLIPFLOPNOINVNEW_CIR2_ESC8.VSS": This bulk node is not biased. 
** Warning: (eldo - 109)  NODE "X_MASTERSLAVEDFLIPFLOPNEW_CIR10_ESC14.X_DFLIPFLOPNOINVNEW_CIR2_ESC8.X_INVERTER_CIR3_ESC3.VSS": This bulk node is not biased. 
** Warning: (eldo - 109)  NODE "X_MASTERSLAVEDFLIPFLOPNEW_CIR10_ESC14.X_DFLIPFLOPNOINVNEW_CIR2_ESC8.X_INVERTER_CIR2_ESC4.VSS": This bulk node is not biased. 
** Warning: (eldo - 109)  NODE "X_MASTERSLAVEDFLIPFLOPNEW_CIR10_ESC14.X_DFLIPFLOPNOINVNEW_CIR2_ESC8.X_INVERTER_CIR1_ESC5.VSS": This bulk node is not biased. 
** Warning: (eldo - 109)  NODE "X_MASTERSLAVEDFLIPFLOPNEW_CIR6_ESC15.X_DFLIPFLOPNOINVNEW_CIR1_ESC7.VSS": This bulk node is not biased. 
** Warning: (eldo - 109)  NODE "X_MASTERSLAVEDFLIPFLOPNEW_CIR6_ESC15.X_DFLIPFLOPNOINVNEW_CIR1_ESC7.X_INVERTER_CIR3_ESC3.VSS": This bulk node is not biased. 
** Warning: (eldo - 109)  NODE "X_MASTERSLAVEDFLIPFLOPNEW_CIR6_ESC15.X_DFLIPFLOPNOINVNEW_CIR1_ESC7.X_INVERTER_CIR2_ESC4.VSS": This bulk node is not biased. 
** Warning: (eldo - 109)  NODE "X_MASTERSLAVEDFLIPFLOPNEW_CIR6_ESC15.X_DFLIPFLOPNOINVNEW_CIR1_ESC7.X_INVERTER_CIR1_ESC5.VSS": This bulk node is not biased. 
** Warning: (eldo - 109)  NODE "X_MASTERSLAVEDFLIPFLOPNEW_CIR6_ESC15.X_DFLIPFLOPNOINVNEW_CIR2_ESC8.VSS": This bulk node is not biased. 
** Warning: (eldo - 109)  NODE "X_MASTERSLAVEDFLIPFLOPNEW_CIR6_ESC15.X_DFLIPFLOPNOINVNEW_CIR2_ESC8.X_INVERTER_CIR3_ESC3.VSS": This bulk node is not biased. 
** Warning: (eldo - 109)  NODE "X_MASTERSLAVEDFLIPFLOPNEW_CIR6_ESC15.X_DFLIPFLOPNOINVNEW_CIR2_ESC8.X_INVERTER_CIR2_ESC4.VSS": This bulk node is not biased. 
** Warning: (eldo - 109)  NODE "X_MASTERSLAVEDFLIPFLOPNEW_CIR6_ESC15.X_DFLIPFLOPNOINVNEW_CIR2_ESC8.X_INVERTER_CIR1_ESC5.VSS": This bulk node is not biased. 
** Warning: (eldo - 109)  NODE "X_FULLADD2.X_OR1.VSS": This bulk node is not biased. 
** Warning: (eldo - 109)  NODE "X_FULLADD2.X_HALFADD2.X_EXC1.VSS": This bulk node is not biased. 
** Warning: (eldo - 109)  NODE "X_FULLADD2.X_HALFADD2.X_AND1.VSS": This bulk node is not biased. 
** Warning: (eldo - 109)  NODE "X_FULLADD2.X_HALFADD1.X_EXC1.VSS": This bulk node is not biased. 
** Warning: (eldo - 109)  NODE "X_FULLADD2.X_HALFADD1.X_AND1.VSS": This bulk node is not biased. 
** Warning: (eldo - 109)  NODE "X_FULLADD1.X_OR1.VSS": This bulk node is not biased. 
** Warning: (eldo - 109)  NODE "X_FULLADD1.X_HALFADD2.X_EXC1.VSS": This bulk node is not biased. 
** Warning: (eldo - 109)  NODE "X_FULLADD1.X_HALFADD2.X_AND1.VSS": This bulk node is not biased. 
** Warning: (eldo - 109)  NODE "X_FULLADD1.X_HALFADD1.X_EXC1.VSS": This bulk node is not biased. 
** Warning: (eldo - 109)  NODE "X_FULLADD1.X_HALFADD1.X_AND1.VSS": This bulk node is not biased. 
** Warning: (eldo - 109)  NODE "X_AND3.VSS": This bulk node is not biased. 
** Warning: (eldo - 109)  NODE "X_AND2.VSS": This bulk node is not biased. 
** Warning: (eldo - 109)  NODE "X_AND1.VSS": This bulk node is not biased. 
** Warning: (eldo - 109)  NODE "X_MASTERSLAVEDFLIPFLOPNEW_CIR8_ESC16.X_DFLIPFLOPNOINVNEW_CIR1_ESC7.VSS": This bulk node is not biased. 
** Warning: (eldo - 109)  NODE "X_MASTERSLAVEDFLIPFLOPNEW_CIR8_ESC16.X_DFLIPFLOPNOINVNEW_CIR1_ESC7.X_INVERTER_CIR3_ESC3.VSS": This bulk node is not biased. 
** Warning: (eldo - 109)  NODE "X_MASTERSLAVEDFLIPFLOPNEW_CIR8_ESC16.X_DFLIPFLOPNOINVNEW_CIR1_ESC7.X_INVERTER_CIR2_ESC4.VSS": This bulk node is not biased. 
** Warning: (eldo - 109)  NODE "X_MASTERSLAVEDFLIPFLOPNEW_CIR8_ESC16.X_DFLIPFLOPNOINVNEW_CIR1_ESC7.X_INVERTER_CIR1_ESC5.VSS": This bulk node is not biased. 
** Warning: (eldo - 109)  NODE "X_MASTERSLAVEDFLIPFLOPNEW_CIR8_ESC16.X_DFLIPFLOPNOINVNEW_CIR2_ESC8.VSS": This bulk node is not biased. 
** Warning: (eldo - 109)  NODE "X_MASTERSLAVEDFLIPFLOPNEW_CIR8_ESC16.X_DFLIPFLOPNOINVNEW_CIR2_ESC8.X_INVERTER_CIR3_ESC3.VSS": This bulk node is not biased. 
** Warning: (eldo - 109)  NODE "X_MASTERSLAVEDFLIPFLOPNEW_CIR8_ESC16.X_DFLIPFLOPNOINVNEW_CIR2_ESC8.X_INVERTER_CIR2_ESC4.VSS": This bulk node is not biased. 
** Warning: (eldo - 109)  NODE "X_MASTERSLAVEDFLIPFLOPNEW_CIR8_ESC16.X_DFLIPFLOPNOINVNEW_CIR2_ESC8.X_INVERTER_CIR1_ESC5.VSS": This bulk node is not biased. 
** Warning: (eldo - 109)  NODE "X_MASTERSLAVEDFLIPFLOPNEW_CIR7_ESC17.X_DFLIPFLOPNOINVNEW_CIR1_ESC7.VSS": This bulk node is not biased. 
** Warning: (eldo - 109)  NODE "X_MASTERSLAVEDFLIPFLOPNEW_CIR7_ESC17.X_DFLIPFLOPNOINVNEW_CIR1_ESC7.X_INVERTER_CIR3_ESC3.VSS": This bulk node is not biased. 
** Warning: (eldo - 109)  NODE "X_MASTERSLAVEDFLIPFLOPNEW_CIR7_ESC17.X_DFLIPFLOPNOINVNEW_CIR1_ESC7.X_INVERTER_CIR2_ESC4.VSS": This bulk node is not biased. 
** Warning: (eldo - 109)  NODE "X_MASTERSLAVEDFLIPFLOPNEW_CIR7_ESC17.X_DFLIPFLOPNOINVNEW_CIR1_ESC7.X_INVERTER_CIR1_ESC5.VSS": This bulk node is not biased. 
** Warning: (eldo - 109)  NODE "X_MASTERSLAVEDFLIPFLOPNEW_CIR7_ESC17.X_DFLIPFLOPNOINVNEW_CIR2_ESC8.VSS": This bulk node is not biased. 
** Warning: (eldo - 109)  NODE "X_MASTERSLAVEDFLIPFLOPNEW_CIR7_ESC17.X_DFLIPFLOPNOINVNEW_CIR2_ESC8.X_INVERTER_CIR3_ESC3.VSS": This bulk node is not biased. 
** Warning: (eldo - 109)  NODE "X_MASTERSLAVEDFLIPFLOPNEW_CIR7_ESC17.X_DFLIPFLOPNOINVNEW_CIR2_ESC8.X_INVERTER_CIR2_ESC4.VSS": This bulk node is not biased. 
** Warning: (eldo - 109)  NODE "X_MASTERSLAVEDFLIPFLOPNEW_CIR7_ESC17.X_DFLIPFLOPNOINVNEW_CIR2_ESC8.X_INVERTER_CIR1_ESC5.VSS": This bulk node is not biased. 
** Warning: (eldo - 109)  NODE "X_MASTERSLAVEDFLIPFLOPNEW_CIR9_ESC18.X_DFLIPFLOPNOINVNEW_CIR1_ESC7.VSS": This bulk node is not biased. 
** Warning: (eldo - 109)  NODE "X_MASTERSLAVEDFLIPFLOPNEW_CIR9_ESC18.X_DFLIPFLOPNOINVNEW_CIR1_ESC7.X_INVERTER_CIR3_ESC3.VSS": This bulk node is not biased. 
** Warning: (eldo - 109)  NODE "X_MASTERSLAVEDFLIPFLOPNEW_CIR9_ESC18.X_DFLIPFLOPNOINVNEW_CIR1_ESC7.X_INVERTER_CIR2_ESC4.VSS": This bulk node is not biased. 
** Warning: (eldo - 109)  NODE "X_MASTERSLAVEDFLIPFLOPNEW_CIR9_ESC18.X_DFLIPFLOPNOINVNEW_CIR1_ESC7.X_INVERTER_CIR1_ESC5.VSS": This bulk node is not biased. 
** Warning: (eldo - 109)  NODE "X_MASTERSLAVEDFLIPFLOPNEW_CIR9_ESC18.X_DFLIPFLOPNOINVNEW_CIR2_ESC8.VSS": This bulk node is not biased. 
** Warning: (eldo - 109)  NODE "X_MASTERSLAVEDFLIPFLOPNEW_CIR9_ESC18.X_DFLIPFLOPNOINVNEW_CIR2_ESC8.X_INVERTER_CIR3_ESC3.VSS": This bulk node is not biased. 
** Warning: (eldo - 109)  NODE "X_MASTERSLAVEDFLIPFLOPNEW_CIR9_ESC18.X_DFLIPFLOPNOINVNEW_CIR2_ESC8.X_INVERTER_CIR2_ESC4.VSS": This bulk node is not biased. 
** Warning: (eldo - 109)  NODE "X_MASTERSLAVEDFLIPFLOPNEW_CIR9_ESC18.X_DFLIPFLOPNOINVNEW_CIR2_ESC8.X_INVERTER_CIR1_ESC5.VSS": This bulk node is not biased. 
** Warning: (eldo - 109)  NODE "X_MASTERSLAVEDFLIPFLOPNEW_CIR5_ESC19.X_DFLIPFLOPNOINVNEW_CIR1_ESC7.VSS": This bulk node is not biased. 
** Warning: (eldo - 109)  NODE "X_MASTERSLAVEDFLIPFLOPNEW_CIR5_ESC19.X_DFLIPFLOPNOINVNEW_CIR1_ESC7.X_INVERTER_CIR3_ESC3.VSS": This bulk node is not biased. 
** Warning: (eldo - 109)  NODE "X_MASTERSLAVEDFLIPFLOPNEW_CIR5_ESC19.X_DFLIPFLOPNOINVNEW_CIR1_ESC7.X_INVERTER_CIR2_ESC4.VSS": This bulk node is not biased. 
** Warning: (eldo - 109)  NODE "X_MASTERSLAVEDFLIPFLOPNEW_CIR5_ESC19.X_DFLIPFLOPNOINVNEW_CIR1_ESC7.X_INVERTER_CIR1_ESC5.VSS": This bulk node is not biased. 
** Warning: (eldo - 109)  NODE "X_MASTERSLAVEDFLIPFLOPNEW_CIR5_ESC19.X_DFLIPFLOPNOINVNEW_CIR2_ESC8.VSS": This bulk node is not biased. 
** Warning: (eldo - 109)  NODE "X_MASTERSLAVEDFLIPFLOPNEW_CIR5_ESC19.X_DFLIPFLOPNOINVNEW_CIR2_ESC8.X_INVERTER_CIR3_ESC3.VSS": This bulk node is not biased. 
** Warning: (eldo - 109)  NODE "X_MASTERSLAVEDFLIPFLOPNEW_CIR5_ESC19.X_DFLIPFLOPNOINVNEW_CIR2_ESC8.X_INVERTER_CIR2_ESC4.VSS": This bulk node is not biased. 
** Warning: (eldo - 109)  NODE "X_MASTERSLAVEDFLIPFLOPNEW_CIR5_ESC19.X_DFLIPFLOPNOINVNEW_CIR2_ESC8.X_INVERTER_CIR1_ESC5.VSS": This bulk node is not biased. 
** Warning: (eldo - 109)  NODE "X_MASTERSLAVEDFLIPFLOPNEW_CIR4_ESC20.X_DFLIPFLOPNOINVNEW_CIR1_ESC7.VSS": This bulk node is not biased. 
** Warning: (eldo - 109)  NODE "X_MASTERSLAVEDFLIPFLOPNEW_CIR4_ESC20.X_DFLIPFLOPNOINVNEW_CIR1_ESC7.X_INVERTER_CIR3_ESC3.VSS": This bulk node is not biased. 
** Warning: (eldo - 109)  NODE "X_MASTERSLAVEDFLIPFLOPNEW_CIR4_ESC20.X_DFLIPFLOPNOINVNEW_CIR1_ESC7.X_INVERTER_CIR2_ESC4.VSS": This bulk node is not biased. 
** Warning: (eldo - 109)  NODE "X_MASTERSLAVEDFLIPFLOPNEW_CIR4_ESC20.X_DFLIPFLOPNOINVNEW_CIR1_ESC7.X_INVERTER_CIR1_ESC5.VSS": This bulk node is not biased. 
** Warning: (eldo - 109)  NODE "X_MASTERSLAVEDFLIPFLOPNEW_CIR4_ESC20.X_DFLIPFLOPNOINVNEW_CIR2_ESC8.VSS": This bulk node is not biased. 
** Warning: (eldo - 109)  NODE "X_MASTERSLAVEDFLIPFLOPNEW_CIR4_ESC20.X_DFLIPFLOPNOINVNEW_CIR2_ESC8.X_INVERTER_CIR3_ESC3.VSS": This bulk node is not biased. 
** Warning: (eldo - 109)  NODE "X_MASTERSLAVEDFLIPFLOPNEW_CIR4_ESC20.X_DFLIPFLOPNOINVNEW_CIR2_ESC8.X_INVERTER_CIR2_ESC4.VSS": This bulk node is not biased. 
** Warning: (eldo - 109)  NODE "X_MASTERSLAVEDFLIPFLOPNEW_CIR4_ESC20.X_DFLIPFLOPNOINVNEW_CIR2_ESC8.X_INVERTER_CIR1_ESC5.VSS": This bulk node is not biased. 
** Warning: (eldo - 109)  NODE "X_MASTERSLAVEDFLIPFLOPNEW_CIR3_ESC21.X_DFLIPFLOPNOINVNEW_CIR1_ESC7.VSS": This bulk node is not biased. 
** Warning: (eldo - 109)  NODE "X_MASTERSLAVEDFLIPFLOPNEW_CIR3_ESC21.X_DFLIPFLOPNOINVNEW_CIR1_ESC7.X_INVERTER_CIR3_ESC3.VSS": This bulk node is not biased. 
** Warning: (eldo - 109)  NODE "X_MASTERSLAVEDFLIPFLOPNEW_CIR3_ESC21.X_DFLIPFLOPNOINVNEW_CIR1_ESC7.X_INVERTER_CIR2_ESC4.VSS": This bulk node is not biased. 
** Warning: (eldo - 109)  NODE "X_MASTERSLAVEDFLIPFLOPNEW_CIR3_ESC21.X_DFLIPFLOPNOINVNEW_CIR1_ESC7.X_INVERTER_CIR1_ESC5.VSS": This bulk node is not biased. 
** Warning: (eldo - 109)  NODE "X_MASTERSLAVEDFLIPFLOPNEW_CIR3_ESC21.X_DFLIPFLOPNOINVNEW_CIR2_ESC8.VSS": This bulk node is not biased. 
** Warning: (eldo - 109)  NODE "X_MASTERSLAVEDFLIPFLOPNEW_CIR3_ESC21.X_DFLIPFLOPNOINVNEW_CIR2_ESC8.X_INVERTER_CIR3_ESC3.VSS": This bulk node is not biased. 
** Warning: (eldo - 109)  NODE "X_MASTERSLAVEDFLIPFLOPNEW_CIR3_ESC21.X_DFLIPFLOPNOINVNEW_CIR2_ESC8.X_INVERTER_CIR2_ESC4.VSS": This bulk node is not biased. 
** Warning: (eldo - 109)  NODE "X_MASTERSLAVEDFLIPFLOPNEW_CIR3_ESC21.X_DFLIPFLOPNOINVNEW_CIR2_ESC8.X_INVERTER_CIR1_ESC5.VSS": This bulk node is not biased. 
** Warning: (eldo - 109)  NODE "X_MASTERSLAVEDFLIPFLOPNEW_CIR2_ESC22.X_DFLIPFLOPNOINVNEW_CIR1_ESC7.VSS": This bulk node is not biased. 
** Warning: (eldo - 109)  NODE "X_MASTERSLAVEDFLIPFLOPNEW_CIR2_ESC22.X_DFLIPFLOPNOINVNEW_CIR1_ESC7.X_INVERTER_CIR3_ESC3.VSS": This bulk node is not biased. 
** Warning: (eldo - 109)  NODE "X_MASTERSLAVEDFLIPFLOPNEW_CIR2_ESC22.X_DFLIPFLOPNOINVNEW_CIR1_ESC7.X_INVERTER_CIR2_ESC4.VSS": This bulk node is not biased. 
** Warning: (eldo - 109)  NODE "X_MASTERSLAVEDFLIPFLOPNEW_CIR2_ESC22.X_DFLIPFLOPNOINVNEW_CIR1_ESC7.X_INVERTER_CIR1_ESC5.VSS": This bulk node is not biased. 
** Warning: (eldo - 109)  NODE "X_MASTERSLAVEDFLIPFLOPNEW_CIR2_ESC22.X_DFLIPFLOPNOINVNEW_CIR2_ESC8.VSS": This bulk node is not biased. 
** Warning: (eldo - 109)  NODE "X_MASTERSLAVEDFLIPFLOPNEW_CIR2_ESC22.X_DFLIPFLOPNOINVNEW_CIR2_ESC8.X_INVERTER_CIR3_ESC3.VSS": This bulk node is not biased. 
** Warning: (eldo - 109)  NODE "X_MASTERSLAVEDFLIPFLOPNEW_CIR2_ESC22.X_DFLIPFLOPNOINVNEW_CIR2_ESC8.X_INVERTER_CIR2_ESC4.VSS": This bulk node is not biased. 
** Warning: (eldo - 109)  NODE "X_MASTERSLAVEDFLIPFLOPNEW_CIR2_ESC22.X_DFLIPFLOPNOINVNEW_CIR2_ESC8.X_INVERTER_CIR1_ESC5.VSS": This bulk node is not biased. 
** Warning: (eldo - 109)  NODE "X_MASTERSLAVEDFLIPFLOPNEW_CIR1_ESC23.X_DFLIPFLOPNOINVNEW_CIR1_ESC7.VSS": This bulk node is not biased. 
** Warning: (eldo - 109)  NODE "X_MASTERSLAVEDFLIPFLOPNEW_CIR1_ESC23.X_DFLIPFLOPNOINVNEW_CIR1_ESC7.X_INVERTER_CIR3_ESC3.VSS": This bulk node is not biased. 
** Warning: (eldo - 109)  NODE "X_MASTERSLAVEDFLIPFLOPNEW_CIR1_ESC23.X_DFLIPFLOPNOINVNEW_CIR1_ESC7.X_INVERTER_CIR2_ESC4.VSS": This bulk node is not biased. 
** Warning: (eldo - 109)  NODE "X_MASTERSLAVEDFLIPFLOPNEW_CIR1_ESC23.X_DFLIPFLOPNOINVNEW_CIR1_ESC7.X_INVERTER_CIR1_ESC5.VSS": This bulk node is not biased. 
** Warning: (eldo - 109)  NODE "X_MASTERSLAVEDFLIPFLOPNEW_CIR1_ESC23.X_DFLIPFLOPNOINVNEW_CIR2_ESC8.VSS": This bulk node is not biased. 
** Warning: (eldo - 109)  NODE "X_MASTERSLAVEDFLIPFLOPNEW_CIR1_ESC23.X_DFLIPFLOPNOINVNEW_CIR2_ESC8.X_INVERTER_CIR3_ESC3.VSS": This bulk node is not biased. 
** Warning: (eldo - 109)  NODE "X_MASTERSLAVEDFLIPFLOPNEW_CIR1_ESC23.X_DFLIPFLOPNOINVNEW_CIR2_ESC8.X_INVERTER_CIR2_ESC4.VSS": This bulk node is not biased. 
** Warning: (eldo - 109)  NODE "X_MASTERSLAVEDFLIPFLOPNEW_CIR1_ESC23.X_DFLIPFLOPNOINVNEW_CIR2_ESC8.X_INVERTER_CIR1_ESC5.VSS": This bulk node is not biased. 
** Warning: (eldo - 109)  NODE "X_SIPOPISONEW_CIR1_ESC24.X_MUX_CIR3_ESC11.VSS": This bulk node is not biased. 
** Warning: (eldo - 109)  NODE "X_SIPOPISONEW_CIR1_ESC24.X_MUX_CIR2_ESC12.VSS": This bulk node is not biased. 
** Warning: (eldo - 109)  NODE "X_SIPOPISONEW_CIR1_ESC24.X_MUX_CIR1_ESC13.VSS": This bulk node is not biased. 
** Warning: (eldo - 109)  NODE "X_SIPOPISONEW_CIR1_ESC24.X_Q3.X_DFLIPFLOPNOINVNEW_CIR1_ESC7.VSS": This bulk node is not biased. 
** Warning: (eldo - 109)  NODE "X_SIPOPISONEW_CIR1_ESC24.X_Q3.X_DFLIPFLOPNOINVNEW_CIR1_ESC7.X_INVERTER_CIR3_ESC3.VSS": This bulk node is not biased. 
** Warning: (eldo - 109)  NODE "X_SIPOPISONEW_CIR1_ESC24.X_Q3.X_DFLIPFLOPNOINVNEW_CIR1_ESC7.X_INVERTER_CIR2_ESC4.VSS": This bulk node is not biased. 
** Warning: (eldo - 109)  NODE "X_SIPOPISONEW_CIR1_ESC24.X_Q3.X_DFLIPFLOPNOINVNEW_CIR1_ESC7.X_INVERTER_CIR1_ESC5.VSS": This bulk node is not biased. 
** Warning: (eldo - 109)  NODE "X_SIPOPISONEW_CIR1_ESC24.X_Q3.X_DFLIPFLOPNOINVNEW_CIR2_ESC8.VSS": This bulk node is not biased. 
** Warning: (eldo - 109)  NODE "X_SIPOPISONEW_CIR1_ESC24.X_Q3.X_DFLIPFLOPNOINVNEW_CIR2_ESC8.X_INVERTER_CIR3_ESC3.VSS": This bulk node is not biased. 
** Warning: (eldo - 109)  NODE "X_SIPOPISONEW_CIR1_ESC24.X_Q3.X_DFLIPFLOPNOINVNEW_CIR2_ESC8.X_INVERTER_CIR2_ESC4.VSS": This bulk node is not biased. 
** Warning: (eldo - 109)  NODE "X_SIPOPISONEW_CIR1_ESC24.X_Q3.X_DFLIPFLOPNOINVNEW_CIR2_ESC8.X_INVERTER_CIR1_ESC5.VSS": This bulk node is not biased. 
** Warning: (eldo - 109)  NODE "X_SIPOPISONEW_CIR1_ESC24.X_Q2.X_DFLIPFLOPNOINVNEW_CIR1_ESC7.VSS": This bulk node is not biased. 
** Warning: (eldo - 109)  NODE "X_SIPOPISONEW_CIR1_ESC24.X_Q2.X_DFLIPFLOPNOINVNEW_CIR1_ESC7.X_INVERTER_CIR3_ESC3.VSS": This bulk node is not biased. 
** Warning: (eldo - 109)  NODE "X_SIPOPISONEW_CIR1_ESC24.X_Q2.X_DFLIPFLOPNOINVNEW_CIR1_ESC7.X_INVERTER_CIR2_ESC4.VSS": This bulk node is not biased. 
** Warning: (eldo - 109)  NODE "X_SIPOPISONEW_CIR1_ESC24.X_Q2.X_DFLIPFLOPNOINVNEW_CIR1_ESC7.X_INVERTER_CIR1_ESC5.VSS": This bulk node is not biased. 
** Warning: (eldo - 109)  NODE "X_SIPOPISONEW_CIR1_ESC24.X_Q2.X_DFLIPFLOPNOINVNEW_CIR2_ESC8.VSS": This bulk node is not biased. 
** Warning: (eldo - 109)  NODE "X_SIPOPISONEW_CIR1_ESC24.X_Q2.X_DFLIPFLOPNOINVNEW_CIR2_ESC8.X_INVERTER_CIR3_ESC3.VSS": This bulk node is not biased. 
** Warning: (eldo - 109)  NODE "X_SIPOPISONEW_CIR1_ESC24.X_Q2.X_DFLIPFLOPNOINVNEW_CIR2_ESC8.X_INVERTER_CIR2_ESC4.VSS": This bulk node is not biased. 
** Warning: (eldo - 109)  NODE "X_SIPOPISONEW_CIR1_ESC24.X_Q2.X_DFLIPFLOPNOINVNEW_CIR2_ESC8.X_INVERTER_CIR1_ESC5.VSS": This bulk node is not biased. 
** Warning: (eldo - 109)  NODE "X_SIPOPISONEW_CIR1_ESC24.X_Q1.X_DFLIPFLOPNOINVNEW_CIR1_ESC7.VSS": This bulk node is not biased. 
** Warning: (eldo - 109)  NODE "X_SIPOPISONEW_CIR1_ESC24.X_Q1.X_DFLIPFLOPNOINVNEW_CIR1_ESC7.X_INVERTER_CIR3_ESC3.VSS": This bulk node is not biased. 
** Warning: (eldo - 109)  NODE "X_SIPOPISONEW_CIR1_ESC24.X_Q1.X_DFLIPFLOPNOINVNEW_CIR1_ESC7.X_INVERTER_CIR2_ESC4.VSS": This bulk node is not biased. 
** Warning: (eldo - 109)  NODE "X_SIPOPISONEW_CIR1_ESC24.X_Q1.X_DFLIPFLOPNOINVNEW_CIR1_ESC7.X_INVERTER_CIR1_ESC5.VSS": This bulk node is not biased. 
** Warning: (eldo - 109)  NODE "X_SIPOPISONEW_CIR1_ESC24.X_Q1.X_DFLIPFLOPNOINVNEW_CIR2_ESC8.VSS": This bulk node is not biased. 
** Warning: (eldo - 109)  NODE "X_SIPOPISONEW_CIR1_ESC24.X_Q1.X_DFLIPFLOPNOINVNEW_CIR2_ESC8.X_INVERTER_CIR3_ESC3.VSS": This bulk node is not biased. 
** Warning: (eldo - 109)  NODE "X_SIPOPISONEW_CIR1_ESC24.X_Q1.X_DFLIPFLOPNOINVNEW_CIR2_ESC8.X_INVERTER_CIR2_ESC4.VSS": This bulk node is not biased. 
** Warning: (eldo - 109)  NODE "X_SIPOPISONEW_CIR1_ESC24.X_Q1.X_DFLIPFLOPNOINVNEW_CIR2_ESC8.X_INVERTER_CIR1_ESC5.VSS": This bulk node is not biased. 
** Warning: (eldo - 240)  OBJECT "X_MASTERSLAVEDFLIPFLOPNEW_CIR10_ESC14.X_DFLIPFLOPNOINVNEW_CIR1_ESC7.MN2":  RDSW = -28.4678 is negative. Should be set to zero, set PARAMCHK=1 to enable clipping.

** Warning: (eldo - 240)  OBJECT "X_MASTERSLAVEDFLIPFLOPNEW_CIR10_ESC14.X_DFLIPFLOPNOINVNEW_CIR1_ESC7.MN2":  Rds at current temperature = -28.4678 is negative. Set to zero.

** Warning: (eldo - 240)  OBJECT "X_MASTERSLAVEDFLIPFLOPNEW_CIR10_ESC14.X_DFLIPFLOPNOINVNEW_CIR1_ESC7.MN1":  RDSW = -28.4678 is negative. Should be set to zero, set PARAMCHK=1 to enable clipping.

** Warning: (eldo - 240)  OBJECT "X_MASTERSLAVEDFLIPFLOPNEW_CIR10_ESC14.X_DFLIPFLOPNOINVNEW_CIR1_ESC7.MN1":  Rds at current temperature = -28.4678 is negative. Set to zero.

** Warning: (eldo - 240)  OBJECT "X_MASTERSLAVEDFLIPFLOPNEW_CIR10_ESC14.X_DFLIPFLOPNOINVNEW_CIR1_ESC7.X_INVERTER_CIR3_ESC3.MN1":  RDSW = -28.4678 is negative. Should be set to zero, set PARAMCHK=1 to enable clipping.

** Warning: (eldo - 240)  OBJECT "X_MASTERSLAVEDFLIPFLOPNEW_CIR10_ESC14.X_DFLIPFLOPNOINVNEW_CIR1_ESC7.X_INVERTER_CIR3_ESC3.MN1":  Rds at current temperature = -28.4678 is negative. Set to zero.

** Warning: (eldo - 240)  OBJECT "X_MASTERSLAVEDFLIPFLOPNEW_CIR10_ESC14.X_DFLIPFLOPNOINVNEW_CIR1_ESC7.X_INVERTER_CIR2_ESC4.MN1":  RDSW = -28.4678 is negative. Should be set to zero, set PARAMCHK=1 to enable clipping.

** Warning: (eldo - 240)  OBJECT "X_MASTERSLAVEDFLIPFLOPNEW_CIR10_ESC14.X_DFLIPFLOPNOINVNEW_CIR1_ESC7.X_INVERTER_CIR2_ESC4.MN1":  Rds at current temperature = -28.4678 is negative. Set to zero.

** Warning: (eldo - 240)  OBJECT "X_MASTERSLAVEDFLIPFLOPNEW_CIR10_ESC14.X_DFLIPFLOPNOINVNEW_CIR1_ESC7.X_INVERTER_CIR1_ESC5.MN1":  RDSW = -28.4678 is negative. Should be set to zero, set PARAMCHK=1 to enable clipping.

** Warning: (eldo - 240)  OBJECT "X_MASTERSLAVEDFLIPFLOPNEW_CIR10_ESC14.X_DFLIPFLOPNOINVNEW_CIR1_ESC7.X_INVERTER_CIR1_ESC5.MN1":  Rds at current temperature = -28.4678 is negative. Set to zero.

** Warning: (eldo - 240)  OBJECT "X_MASTERSLAVEDFLIPFLOPNEW_CIR10_ESC14.X_DFLIPFLOPNOINVNEW_CIR2_ESC8.MN2":  RDSW = -28.4678 is negative. Should be set to zero, set PARAMCHK=1 to enable clipping.

** Warning: (eldo - 240)  OBJECT "X_MASTERSLAVEDFLIPFLOPNEW_CIR10_ESC14.X_DFLIPFLOPNOINVNEW_CIR2_ESC8.MN2":  Rds at current temperature = -28.4678 is negative. Set to zero.

** Warning: (eldo - 240)  OBJECT "X_MASTERSLAVEDFLIPFLOPNEW_CIR10_ESC14.X_DFLIPFLOPNOINVNEW_CIR2_ESC8.MN1":  RDSW = -28.4678 is negative. Should be set to zero, set PARAMCHK=1 to enable clipping.

** Warning: (eldo - 240)  OBJECT "X_MASTERSLAVEDFLIPFLOPNEW_CIR10_ESC14.X_DFLIPFLOPNOINVNEW_CIR2_ESC8.MN1":  Rds at current temperature = -28.4678 is negative. Set to zero.

** Warning: (eldo - 240)  OBJECT "X_MASTERSLAVEDFLIPFLOPNEW_CIR10_ESC14.X_DFLIPFLOPNOINVNEW_CIR2_ESC8.X_INVERTER_CIR3_ESC3.MN1":  RDSW = -28.4678 is negative. Should be set to zero, set PARAMCHK=1 to enable clipping.

** Warning: (eldo - 240)  OBJECT "X_MASTERSLAVEDFLIPFLOPNEW_CIR10_ESC14.X_DFLIPFLOPNOINVNEW_CIR2_ESC8.X_INVERTER_CIR3_ESC3.MN1":  Rds at current temperature = -28.4678 is negative. Set to zero.

** Warning: (eldo - 240)  OBJECT "X_MASTERSLAVEDFLIPFLOPNEW_CIR10_ESC14.X_DFLIPFLOPNOINVNEW_CIR2_ESC8.X_INVERTER_CIR2_ESC4.MN1":  RDSW = -28.4678 is negative. Should be set to zero, set PARAMCHK=1 to enable clipping.

** Warning: (eldo - 240)  OBJECT "X_MASTERSLAVEDFLIPFLOPNEW_CIR10_ESC14.X_DFLIPFLOPNOINVNEW_CIR2_ESC8.X_INVERTER_CIR2_ESC4.MN1":  Rds at current temperature = -28.4678 is negative. Set to zero.

** Warning: (eldo - 240)  OBJECT "X_MASTERSLAVEDFLIPFLOPNEW_CIR10_ESC14.X_DFLIPFLOPNOINVNEW_CIR2_ESC8.X_INVERTER_CIR1_ESC5.MN1":  RDSW = -28.4678 is negative. Should be set to zero, set PARAMCHK=1 to enable clipping.

** Warning: (eldo - 240)  OBJECT "X_MASTERSLAVEDFLIPFLOPNEW_CIR10_ESC14.X_DFLIPFLOPNOINVNEW_CIR2_ESC8.X_INVERTER_CIR1_ESC5.MN1":  Rds at current temperature = -28.4678 is negative. Set to zero.

** Warning: (eldo - 240)  OBJECT "X_MASTERSLAVEDFLIPFLOPNEW_CIR6_ESC15.X_DFLIPFLOPNOINVNEW_CIR1_ESC7.MN2":  RDSW = -28.4678 is negative. Should be set to zero, set PARAMCHK=1 to enable clipping.

** Warning: (eldo - 240)  OBJECT "X_MASTERSLAVEDFLIPFLOPNEW_CIR6_ESC15.X_DFLIPFLOPNOINVNEW_CIR1_ESC7.MN2":  Rds at current temperature = -28.4678 is negative. Set to zero.

** Warning: (eldo - 240)  OBJECT "X_MASTERSLAVEDFLIPFLOPNEW_CIR6_ESC15.X_DFLIPFLOPNOINVNEW_CIR1_ESC7.MN1":  RDSW = -28.4678 is negative. Should be set to zero, set PARAMCHK=1 to enable clipping.

** Warning: (eldo - 240)  OBJECT "X_MASTERSLAVEDFLIPFLOPNEW_CIR6_ESC15.X_DFLIPFLOPNOINVNEW_CIR1_ESC7.MN1":  Rds at current temperature = -28.4678 is negative. Set to zero.

** Warning: (eldo - 240)  OBJECT "X_MASTERSLAVEDFLIPFLOPNEW_CIR6_ESC15.X_DFLIPFLOPNOINVNEW_CIR1_ESC7.X_INVERTER_CIR3_ESC3.MN1":  RDSW = -28.4678 is negative. Should be set to zero, set PARAMCHK=1 to enable clipping.

** Warning: (eldo - 240)  OBJECT "X_MASTERSLAVEDFLIPFLOPNEW_CIR6_ESC15.X_DFLIPFLOPNOINVNEW_CIR1_ESC7.X_INVERTER_CIR3_ESC3.MN1":  Rds at current temperature = -28.4678 is negative. Set to zero.

** Warning: (eldo - 240)  OBJECT "X_MASTERSLAVEDFLIPFLOPNEW_CIR6_ESC15.X_DFLIPFLOPNOINVNEW_CIR1_ESC7.X_INVERTER_CIR2_ESC4.MN1":  RDSW = -28.4678 is negative. Should be set to zero, set PARAMCHK=1 to enable clipping.

** Warning: (eldo - 240)  OBJECT "X_MASTERSLAVEDFLIPFLOPNEW_CIR6_ESC15.X_DFLIPFLOPNOINVNEW_CIR1_ESC7.X_INVERTER_CIR2_ESC4.MN1":  Rds at current temperature = -28.4678 is negative. Set to zero.

** Warning: (eldo - 240)  OBJECT "X_MASTERSLAVEDFLIPFLOPNEW_CIR6_ESC15.X_DFLIPFLOPNOINVNEW_CIR1_ESC7.X_INVERTER_CIR1_ESC5.MN1":  RDSW = -28.4678 is negative. Should be set to zero, set PARAMCHK=1 to enable clipping.

** Warning: (eldo - 240)  OBJECT "X_MASTERSLAVEDFLIPFLOPNEW_CIR6_ESC15.X_DFLIPFLOPNOINVNEW_CIR1_ESC7.X_INVERTER_CIR1_ESC5.MN1":  Rds at current temperature = -28.4678 is negative. Set to zero.

** Warning: (eldo - 240)  OBJECT "X_MASTERSLAVEDFLIPFLOPNEW_CIR6_ESC15.X_DFLIPFLOPNOINVNEW_CIR2_ESC8.MN2":  RDSW = -28.4678 is negative. Should be set to zero, set PARAMCHK=1 to enable clipping.

** Warning: (eldo - 240)  OBJECT "X_MASTERSLAVEDFLIPFLOPNEW_CIR6_ESC15.X_DFLIPFLOPNOINVNEW_CIR2_ESC8.MN2":  Rds at current temperature = -28.4678 is negative. Set to zero.

** Warning: (eldo - 240)  OBJECT "X_MASTERSLAVEDFLIPFLOPNEW_CIR6_ESC15.X_DFLIPFLOPNOINVNEW_CIR2_ESC8.MN1":  RDSW = -28.4678 is negative. Should be set to zero, set PARAMCHK=1 to enable clipping.

** Warning: (eldo - 240)  OBJECT "X_MASTERSLAVEDFLIPFLOPNEW_CIR6_ESC15.X_DFLIPFLOPNOINVNEW_CIR2_ESC8.MN1":  Rds at current temperature = -28.4678 is negative. Set to zero.

** Warning: (eldo - 240)  OBJECT "X_MASTERSLAVEDFLIPFLOPNEW_CIR6_ESC15.X_DFLIPFLOPNOINVNEW_CIR2_ESC8.X_INVERTER_CIR3_ESC3.MN1":  RDSW = -28.4678 is negative. Should be set to zero, set PARAMCHK=1 to enable clipping.

** Warning: (eldo - 240)  OBJECT "X_MASTERSLAVEDFLIPFLOPNEW_CIR6_ESC15.X_DFLIPFLOPNOINVNEW_CIR2_ESC8.X_INVERTER_CIR3_ESC3.MN1":  Rds at current temperature = -28.4678 is negative. Set to zero.

** Warning: (eldo - 240)  OBJECT "X_MASTERSLAVEDFLIPFLOPNEW_CIR6_ESC15.X_DFLIPFLOPNOINVNEW_CIR2_ESC8.X_INVERTER_CIR2_ESC4.MN1":  RDSW = -28.4678 is negative. Should be set to zero, set PARAMCHK=1 to enable clipping.

** Warning: (eldo - 240)  OBJECT "X_MASTERSLAVEDFLIPFLOPNEW_CIR6_ESC15.X_DFLIPFLOPNOINVNEW_CIR2_ESC8.X_INVERTER_CIR2_ESC4.MN1":  Rds at current temperature = -28.4678 is negative. Set to zero.

** Warning: (eldo - 240)  OBJECT "X_MASTERSLAVEDFLIPFLOPNEW_CIR6_ESC15.X_DFLIPFLOPNOINVNEW_CIR2_ESC8.X_INVERTER_CIR1_ESC5.MN1":  RDSW = -28.4678 is negative. Should be set to zero, set PARAMCHK=1 to enable clipping.

** Warning: (eldo - 240)  OBJECT "X_MASTERSLAVEDFLIPFLOPNEW_CIR6_ESC15.X_DFLIPFLOPNOINVNEW_CIR2_ESC8.X_INVERTER_CIR1_ESC5.MN1":  Rds at current temperature = -28.4678 is negative. Set to zero.

** Warning: (eldo - 240)  OBJECT "X_MASTERSLAVEDFLIPFLOPNEW_CIR8_ESC16.X_DFLIPFLOPNOINVNEW_CIR1_ESC7.MN2":  RDSW = -28.4678 is negative. Should be set to zero, set PARAMCHK=1 to enable clipping.

** Warning: (eldo - 240)  OBJECT "X_MASTERSLAVEDFLIPFLOPNEW_CIR8_ESC16.X_DFLIPFLOPNOINVNEW_CIR1_ESC7.MN2":  Rds at current temperature = -28.4678 is negative. Set to zero.

** Warning: (eldo - 240)  OBJECT "X_MASTERSLAVEDFLIPFLOPNEW_CIR8_ESC16.X_DFLIPFLOPNOINVNEW_CIR1_ESC7.MN1":  RDSW = -28.4678 is negative. Should be set to zero, set PARAMCHK=1 to enable clipping.

** Warning: (eldo - 240)  OBJECT "X_MASTERSLAVEDFLIPFLOPNEW_CIR8_ESC16.X_DFLIPFLOPNOINVNEW_CIR1_ESC7.MN1":  Rds at current temperature = -28.4678 is negative. Set to zero.

** Warning: (eldo - 240)  OBJECT "X_MASTERSLAVEDFLIPFLOPNEW_CIR8_ESC16.X_DFLIPFLOPNOINVNEW_CIR1_ESC7.X_INVERTER_CIR3_ESC3.MN1":  RDSW = -28.4678 is negative. Should be set to zero, set PARAMCHK=1 to enable clipping.

** Warning: (eldo - 240)  OBJECT "X_MASTERSLAVEDFLIPFLOPNEW_CIR8_ESC16.X_DFLIPFLOPNOINVNEW_CIR1_ESC7.X_INVERTER_CIR3_ESC3.MN1":  Rds at current temperature = -28.4678 is negative. Set to zero.

** Warning: (eldo - 240)  OBJECT "X_MASTERSLAVEDFLIPFLOPNEW_CIR8_ESC16.X_DFLIPFLOPNOINVNEW_CIR1_ESC7.X_INVERTER_CIR2_ESC4.MN1":  RDSW = -28.4678 is negative. Should be set to zero, set PARAMCHK=1 to enable clipping.

** Warning: (eldo - 240)  OBJECT "X_MASTERSLAVEDFLIPFLOPNEW_CIR8_ESC16.X_DFLIPFLOPNOINVNEW_CIR1_ESC7.X_INVERTER_CIR2_ESC4.MN1":  Rds at current temperature = -28.4678 is negative. Set to zero.

** Warning: (eldo - 240)  OBJECT "X_MASTERSLAVEDFLIPFLOPNEW_CIR8_ESC16.X_DFLIPFLOPNOINVNEW_CIR1_ESC7.X_INVERTER_CIR1_ESC5.MN1":  RDSW = -28.4678 is negative. Should be set to zero, set PARAMCHK=1 to enable clipping.

** Warning: (eldo - 240)  OBJECT "X_MASTERSLAVEDFLIPFLOPNEW_CIR8_ESC16.X_DFLIPFLOPNOINVNEW_CIR1_ESC7.X_INVERTER_CIR1_ESC5.MN1":  Rds at current temperature = -28.4678 is negative. Set to zero.

** Warning: (eldo - 240)  OBJECT "X_MASTERSLAVEDFLIPFLOPNEW_CIR8_ESC16.X_DFLIPFLOPNOINVNEW_CIR2_ESC8.MN2":  RDSW = -28.4678 is negative. Should be set to zero, set PARAMCHK=1 to enable clipping.

** Warning: (eldo - 240)  OBJECT "X_MASTERSLAVEDFLIPFLOPNEW_CIR8_ESC16.X_DFLIPFLOPNOINVNEW_CIR2_ESC8.MN2":  Rds at current temperature = -28.4678 is negative. Set to zero.

** Warning: (eldo - 240)  OBJECT "X_MASTERSLAVEDFLIPFLOPNEW_CIR8_ESC16.X_DFLIPFLOPNOINVNEW_CIR2_ESC8.MN1":  RDSW = -28.4678 is negative. Should be set to zero, set PARAMCHK=1 to enable clipping.

** Warning: (eldo - 240)  OBJECT "X_MASTERSLAVEDFLIPFLOPNEW_CIR8_ESC16.X_DFLIPFLOPNOINVNEW_CIR2_ESC8.MN1":  Rds at current temperature = -28.4678 is negative. Set to zero.

** Warning: (eldo - 240)  OBJECT "X_MASTERSLAVEDFLIPFLOPNEW_CIR8_ESC16.X_DFLIPFLOPNOINVNEW_CIR2_ESC8.X_INVERTER_CIR3_ESC3.MN1":  RDSW = -28.4678 is negative. Should be set to zero, set PARAMCHK=1 to enable clipping.

** Warning: (eldo - 240)  OBJECT "X_MASTERSLAVEDFLIPFLOPNEW_CIR8_ESC16.X_DFLIPFLOPNOINVNEW_CIR2_ESC8.X_INVERTER_CIR3_ESC3.MN1":  Rds at current temperature = -28.4678 is negative. Set to zero.

** Warning: (eldo - 240)  OBJECT "X_MASTERSLAVEDFLIPFLOPNEW_CIR8_ESC16.X_DFLIPFLOPNOINVNEW_CIR2_ESC8.X_INVERTER_CIR2_ESC4.MN1":  RDSW = -28.4678 is negative. Should be set to zero, set PARAMCHK=1 to enable clipping.

** Warning: (eldo - 240)  OBJECT "X_MASTERSLAVEDFLIPFLOPNEW_CIR8_ESC16.X_DFLIPFLOPNOINVNEW_CIR2_ESC8.X_INVERTER_CIR2_ESC4.MN1":  Rds at current temperature = -28.4678 is negative. Set to zero.

** Warning: (eldo - 240)  OBJECT "X_MASTERSLAVEDFLIPFLOPNEW_CIR8_ESC16.X_DFLIPFLOPNOINVNEW_CIR2_ESC8.X_INVERTER_CIR1_ESC5.MN1":  RDSW = -28.4678 is negative. Should be set to zero, set PARAMCHK=1 to enable clipping.

** Warning: (eldo - 240)  OBJECT "X_MASTERSLAVEDFLIPFLOPNEW_CIR8_ESC16.X_DFLIPFLOPNOINVNEW_CIR2_ESC8.X_INVERTER_CIR1_ESC5.MN1":  Rds at current temperature = -28.4678 is negative. Set to zero.

** Warning: (eldo - 240)  OBJECT "X_MASTERSLAVEDFLIPFLOPNEW_CIR7_ESC17.X_DFLIPFLOPNOINVNEW_CIR1_ESC7.MN2":  RDSW = -28.4678 is negative. Should be set to zero, set PARAMCHK=1 to enable clipping.

** Warning: (eldo - 240)  OBJECT "X_MASTERSLAVEDFLIPFLOPNEW_CIR7_ESC17.X_DFLIPFLOPNOINVNEW_CIR1_ESC7.MN2":  Rds at current temperature = -28.4678 is negative. Set to zero.

** Warning: (eldo - 240)  OBJECT "X_MASTERSLAVEDFLIPFLOPNEW_CIR7_ESC17.X_DFLIPFLOPNOINVNEW_CIR1_ESC7.MN1":  RDSW = -28.4678 is negative. Should be set to zero, set PARAMCHK=1 to enable clipping.

** Warning: (eldo - 240)  OBJECT "X_MASTERSLAVEDFLIPFLOPNEW_CIR7_ESC17.X_DFLIPFLOPNOINVNEW_CIR1_ESC7.MN1":  Rds at current temperature = -28.4678 is negative. Set to zero.

** Warning: (eldo - 240)  OBJECT "X_MASTERSLAVEDFLIPFLOPNEW_CIR7_ESC17.X_DFLIPFLOPNOINVNEW_CIR1_ESC7.X_INVERTER_CIR3_ESC3.MN1":  RDSW = -28.4678 is negative. Should be set to zero, set PARAMCHK=1 to enable clipping.

** Warning: (eldo - 240)  OBJECT "X_MASTERSLAVEDFLIPFLOPNEW_CIR7_ESC17.X_DFLIPFLOPNOINVNEW_CIR1_ESC7.X_INVERTER_CIR3_ESC3.MN1":  Rds at current temperature = -28.4678 is negative. Set to zero.

** Warning: (eldo - 240)  OBJECT "X_MASTERSLAVEDFLIPFLOPNEW_CIR7_ESC17.X_DFLIPFLOPNOINVNEW_CIR1_ESC7.X_INVERTER_CIR2_ESC4.MN1":  RDSW = -28.4678 is negative. Should be set to zero, set PARAMCHK=1 to enable clipping.

** Warning: (eldo - 240)  OBJECT "X_MASTERSLAVEDFLIPFLOPNEW_CIR7_ESC17.X_DFLIPFLOPNOINVNEW_CIR1_ESC7.X_INVERTER_CIR2_ESC4.MN1":  Rds at current temperature = -28.4678 is negative. Set to zero.

** Warning: (eldo - 240)  OBJECT "X_MASTERSLAVEDFLIPFLOPNEW_CIR7_ESC17.X_DFLIPFLOPNOINVNEW_CIR1_ESC7.X_INVERTER_CIR1_ESC5.MN1":  RDSW = -28.4678 is negative. Should be set to zero, set PARAMCHK=1 to enable clipping.

** Warning: (eldo - 240)  OBJECT "X_MASTERSLAVEDFLIPFLOPNEW_CIR7_ESC17.X_DFLIPFLOPNOINVNEW_CIR1_ESC7.X_INVERTER_CIR1_ESC5.MN1":  Rds at current temperature = -28.4678 is negative. Set to zero.

** Warning: (eldo - 240)  OBJECT "X_MASTERSLAVEDFLIPFLOPNEW_CIR7_ESC17.X_DFLIPFLOPNOINVNEW_CIR2_ESC8.MN2":  RDSW = -28.4678 is negative. Should be set to zero, set PARAMCHK=1 to enable clipping.

** Warning: (eldo - 240)  OBJECT "X_MASTERSLAVEDFLIPFLOPNEW_CIR7_ESC17.X_DFLIPFLOPNOINVNEW_CIR2_ESC8.MN2":  Rds at current temperature = -28.4678 is negative. Set to zero.

** Warning: (eldo - 240)  OBJECT "X_MASTERSLAVEDFLIPFLOPNEW_CIR7_ESC17.X_DFLIPFLOPNOINVNEW_CIR2_ESC8.MN1":  RDSW = -28.4678 is negative. Should be set to zero, set PARAMCHK=1 to enable clipping.

** Warning: (eldo - 240)  OBJECT "X_MASTERSLAVEDFLIPFLOPNEW_CIR7_ESC17.X_DFLIPFLOPNOINVNEW_CIR2_ESC8.MN1":  Rds at current temperature = -28.4678 is negative. Set to zero.

** Warning: (eldo - 240)  OBJECT "X_MASTERSLAVEDFLIPFLOPNEW_CIR7_ESC17.X_DFLIPFLOPNOINVNEW_CIR2_ESC8.X_INVERTER_CIR3_ESC3.MN1":  RDSW = -28.4678 is negative. Should be set to zero, set PARAMCHK=1 to enable clipping.

** Warning: (eldo - 240)  OBJECT "X_MASTERSLAVEDFLIPFLOPNEW_CIR7_ESC17.X_DFLIPFLOPNOINVNEW_CIR2_ESC8.X_INVERTER_CIR3_ESC3.MN1":  Rds at current temperature = -28.4678 is negative. Set to zero.

** Warning: (eldo - 240)  OBJECT "X_MASTERSLAVEDFLIPFLOPNEW_CIR7_ESC17.X_DFLIPFLOPNOINVNEW_CIR2_ESC8.X_INVERTER_CIR2_ESC4.MN1":  RDSW = -28.4678 is negative. Should be set to zero, set PARAMCHK=1 to enable clipping.

** Warning: (eldo - 240)  OBJECT "X_MASTERSLAVEDFLIPFLOPNEW_CIR7_ESC17.X_DFLIPFLOPNOINVNEW_CIR2_ESC8.X_INVERTER_CIR2_ESC4.MN1":  Rds at current temperature = -28.4678 is negative. Set to zero.

** Warning: (eldo - 240)  OBJECT "X_MASTERSLAVEDFLIPFLOPNEW_CIR7_ESC17.X_DFLIPFLOPNOINVNEW_CIR2_ESC8.X_INVERTER_CIR1_ESC5.MN1":  RDSW = -28.4678 is negative. Should be set to zero, set PARAMCHK=1 to enable clipping.

** Warning: (eldo - 240)  OBJECT "X_MASTERSLAVEDFLIPFLOPNEW_CIR7_ESC17.X_DFLIPFLOPNOINVNEW_CIR2_ESC8.X_INVERTER_CIR1_ESC5.MN1":  Rds at current temperature = -28.4678 is negative. Set to zero.

** Warning: (eldo - 240)  OBJECT "X_MASTERSLAVEDFLIPFLOPNEW_CIR9_ESC18.X_DFLIPFLOPNOINVNEW_CIR1_ESC7.MN2":  RDSW = -28.4678 is negative. Should be set to zero, set PARAMCHK=1 to enable clipping.

** Warning: (eldo - 240)  OBJECT "X_MASTERSLAVEDFLIPFLOPNEW_CIR9_ESC18.X_DFLIPFLOPNOINVNEW_CIR1_ESC7.MN2":  Rds at current temperature = -28.4678 is negative. Set to zero.

** Warning: (eldo - 240)  OBJECT "X_MASTERSLAVEDFLIPFLOPNEW_CIR9_ESC18.X_DFLIPFLOPNOINVNEW_CIR1_ESC7.MN1":  RDSW = -28.4678 is negative. Should be set to zero, set PARAMCHK=1 to enable clipping.

** Warning: (eldo - 240)  OBJECT "X_MASTERSLAVEDFLIPFLOPNEW_CIR9_ESC18.X_DFLIPFLOPNOINVNEW_CIR1_ESC7.MN1":  Rds at current temperature = -28.4678 is negative. Set to zero.

** Warning: (eldo - 240)  OBJECT "X_MASTERSLAVEDFLIPFLOPNEW_CIR9_ESC18.X_DFLIPFLOPNOINVNEW_CIR1_ESC7.X_INVERTER_CIR3_ESC3.MN1":  RDSW = -28.4678 is negative. Should be set to zero, set PARAMCHK=1 to enable clipping.

** Warning: (eldo - 240)  OBJECT "X_MASTERSLAVEDFLIPFLOPNEW_CIR9_ESC18.X_DFLIPFLOPNOINVNEW_CIR1_ESC7.X_INVERTER_CIR3_ESC3.MN1":  Rds at current temperature = -28.4678 is negative. Set to zero.

** Warning: (eldo - 240)  OBJECT "X_MASTERSLAVEDFLIPFLOPNEW_CIR9_ESC18.X_DFLIPFLOPNOINVNEW_CIR1_ESC7.X_INVERTER_CIR2_ESC4.MN1":  RDSW = -28.4678 is negative. Should be set to zero, set PARAMCHK=1 to enable clipping.

** Warning: (eldo - 240)  OBJECT "X_MASTERSLAVEDFLIPFLOPNEW_CIR9_ESC18.X_DFLIPFLOPNOINVNEW_CIR1_ESC7.X_INVERTER_CIR2_ESC4.MN1":  Rds at current temperature = -28.4678 is negative. Set to zero.

** Warning: (eldo - 240)  OBJECT "X_MASTERSLAVEDFLIPFLOPNEW_CIR9_ESC18.X_DFLIPFLOPNOINVNEW_CIR1_ESC7.X_INVERTER_CIR1_ESC5.MN1":  RDSW = -28.4678 is negative. Should be set to zero, set PARAMCHK=1 to enable clipping.

** Warning: (eldo - 240)  OBJECT "X_MASTERSLAVEDFLIPFLOPNEW_CIR9_ESC18.X_DFLIPFLOPNOINVNEW_CIR1_ESC7.X_INVERTER_CIR1_ESC5.MN1":  Rds at current temperature = -28.4678 is negative. Set to zero.

** Warning: (eldo - 240)  OBJECT "X_MASTERSLAVEDFLIPFLOPNEW_CIR9_ESC18.X_DFLIPFLOPNOINVNEW_CIR2_ESC8.MN2":  RDSW = -28.4678 is negative. Should be set to zero, set PARAMCHK=1 to enable clipping.

** Warning: (eldo - 240)  OBJECT "X_MASTERSLAVEDFLIPFLOPNEW_CIR9_ESC18.X_DFLIPFLOPNOINVNEW_CIR2_ESC8.MN2":  Rds at current temperature = -28.4678 is negative. Set to zero.

** Warning: (eldo - 240)  OBJECT "X_MASTERSLAVEDFLIPFLOPNEW_CIR9_ESC18.X_DFLIPFLOPNOINVNEW_CIR2_ESC8.MN1":  RDSW = -28.4678 is negative. Should be set to zero, set PARAMCHK=1 to enable clipping.

** Warning: (eldo - 240)  OBJECT "X_MASTERSLAVEDFLIPFLOPNEW_CIR9_ESC18.X_DFLIPFLOPNOINVNEW_CIR2_ESC8.MN1":  Rds at current temperature = -28.4678 is negative. Set to zero.

** Warning: (eldo - 240)  OBJECT "X_MASTERSLAVEDFLIPFLOPNEW_CIR9_ESC18.X_DFLIPFLOPNOINVNEW_CIR2_ESC8.X_INVERTER_CIR3_ESC3.MN1":  RDSW = -28.4678 is negative. Should be set to zero, set PARAMCHK=1 to enable clipping.

** Warning: (eldo - 240)  OBJECT "X_MASTERSLAVEDFLIPFLOPNEW_CIR9_ESC18.X_DFLIPFLOPNOINVNEW_CIR2_ESC8.X_INVERTER_CIR3_ESC3.MN1":  Rds at current temperature = -28.4678 is negative. Set to zero.

** Warning: (eldo - 240)  OBJECT "X_MASTERSLAVEDFLIPFLOPNEW_CIR9_ESC18.X_DFLIPFLOPNOINVNEW_CIR2_ESC8.X_INVERTER_CIR2_ESC4.MN1":  RDSW = -28.4678 is negative. Should be set to zero, set PARAMCHK=1 to enable clipping.

** Warning: (eldo - 240)  OBJECT "X_MASTERSLAVEDFLIPFLOPNEW_CIR9_ESC18.X_DFLIPFLOPNOINVNEW_CIR2_ESC8.X_INVERTER_CIR2_ESC4.MN1":  Rds at current temperature = -28.4678 is negative. Set to zero.

** Warning: (eldo - 240)  OBJECT "X_MASTERSLAVEDFLIPFLOPNEW_CIR9_ESC18.X_DFLIPFLOPNOINVNEW_CIR2_ESC8.X_INVERTER_CIR1_ESC5.MN1":  RDSW = -28.4678 is negative. Should be set to zero, set PARAMCHK=1 to enable clipping.

** Warning: (eldo - 240)  OBJECT "X_MASTERSLAVEDFLIPFLOPNEW_CIR9_ESC18.X_DFLIPFLOPNOINVNEW_CIR2_ESC8.X_INVERTER_CIR1_ESC5.MN1":  Rds at current temperature = -28.4678 is negative. Set to zero.

** Warning: (eldo - 240)  OBJECT "X_MASTERSLAVEDFLIPFLOPNEW_CIR5_ESC19.X_DFLIPFLOPNOINVNEW_CIR1_ESC7.MN2":  RDSW = -28.4678 is negative. Should be set to zero, set PARAMCHK=1 to enable clipping.

** Warning: (eldo - 240)  OBJECT "X_MASTERSLAVEDFLIPFLOPNEW_CIR5_ESC19.X_DFLIPFLOPNOINVNEW_CIR1_ESC7.MN2":  Rds at current temperature = -28.4678 is negative. Set to zero.

** Warning: (eldo - 240)  OBJECT "X_MASTERSLAVEDFLIPFLOPNEW_CIR5_ESC19.X_DFLIPFLOPNOINVNEW_CIR1_ESC7.MN1":  RDSW = -28.4678 is negative. Should be set to zero, set PARAMCHK=1 to enable clipping.

** Warning: (eldo - 240)  OBJECT "X_MASTERSLAVEDFLIPFLOPNEW_CIR5_ESC19.X_DFLIPFLOPNOINVNEW_CIR1_ESC7.MN1":  Rds at current temperature = -28.4678 is negative. Set to zero.

** Warning: (eldo - 240)  OBJECT "X_MASTERSLAVEDFLIPFLOPNEW_CIR5_ESC19.X_DFLIPFLOPNOINVNEW_CIR1_ESC7.X_INVERTER_CIR3_ESC3.MN1":  RDSW = -28.4678 is negative. Should be set to zero, set PARAMCHK=1 to enable clipping.

** Warning: (eldo - 240)  OBJECT "X_MASTERSLAVEDFLIPFLOPNEW_CIR5_ESC19.X_DFLIPFLOPNOINVNEW_CIR1_ESC7.X_INVERTER_CIR3_ESC3.MN1":  Rds at current temperature = -28.4678 is negative. Set to zero.

** Warning: (eldo - 240)  OBJECT "X_MASTERSLAVEDFLIPFLOPNEW_CIR5_ESC19.X_DFLIPFLOPNOINVNEW_CIR1_ESC7.X_INVERTER_CIR2_ESC4.MN1":  RDSW = -28.4678 is negative. Should be set to zero, set PARAMCHK=1 to enable clipping.

** Warning: (eldo - 240)  OBJECT "X_MASTERSLAVEDFLIPFLOPNEW_CIR5_ESC19.X_DFLIPFLOPNOINVNEW_CIR1_ESC7.X_INVERTER_CIR2_ESC4.MN1":  Rds at current temperature = -28.4678 is negative. Set to zero.

** Warning: (eldo - 240)  OBJECT "X_MASTERSLAVEDFLIPFLOPNEW_CIR5_ESC19.X_DFLIPFLOPNOINVNEW_CIR1_ESC7.X_INVERTER_CIR1_ESC5.MN1":  RDSW = -28.4678 is negative. Should be set to zero, set PARAMCHK=1 to enable clipping.

** Warning: (eldo - 240)  OBJECT "X_MASTERSLAVEDFLIPFLOPNEW_CIR5_ESC19.X_DFLIPFLOPNOINVNEW_CIR1_ESC7.X_INVERTER_CIR1_ESC5.MN1":  Rds at current temperature = -28.4678 is negative. Set to zero.

** Warning: (eldo - 240)  OBJECT "X_MASTERSLAVEDFLIPFLOPNEW_CIR5_ESC19.X_DFLIPFLOPNOINVNEW_CIR2_ESC8.MN2":  RDSW = -28.4678 is negative. Should be set to zero, set PARAMCHK=1 to enable clipping.

** Warning: (eldo - 240)  OBJECT "X_MASTERSLAVEDFLIPFLOPNEW_CIR5_ESC19.X_DFLIPFLOPNOINVNEW_CIR2_ESC8.MN2":  Rds at current temperature = -28.4678 is negative. Set to zero.

** Warning: (eldo - 240)  OBJECT "X_MASTERSLAVEDFLIPFLOPNEW_CIR5_ESC19.X_DFLIPFLOPNOINVNEW_CIR2_ESC8.MN1":  RDSW = -28.4678 is negative. Should be set to zero, set PARAMCHK=1 to enable clipping.

** Warning: (eldo - 240)  OBJECT "X_MASTERSLAVEDFLIPFLOPNEW_CIR5_ESC19.X_DFLIPFLOPNOINVNEW_CIR2_ESC8.MN1":  Rds at current temperature = -28.4678 is negative. Set to zero.

** Warning: (eldo - 240)  OBJECT "X_MASTERSLAVEDFLIPFLOPNEW_CIR5_ESC19.X_DFLIPFLOPNOINVNEW_CIR2_ESC8.X_INVERTER_CIR3_ESC3.MN1":  RDSW = -28.4678 is negative. Should be set to zero, set PARAMCHK=1 to enable clipping.

** Warning: (eldo - 240)  OBJECT "X_MASTERSLAVEDFLIPFLOPNEW_CIR5_ESC19.X_DFLIPFLOPNOINVNEW_CIR2_ESC8.X_INVERTER_CIR3_ESC3.MN1":  Rds at current temperature = -28.4678 is negative. Set to zero.

** Warning: (eldo - 240)  OBJECT "X_MASTERSLAVEDFLIPFLOPNEW_CIR5_ESC19.X_DFLIPFLOPNOINVNEW_CIR2_ESC8.X_INVERTER_CIR2_ESC4.MN1":  RDSW = -28.4678 is negative. Should be set to zero, set PARAMCHK=1 to enable clipping.

** Warning: (eldo - 240)  OBJECT "X_MASTERSLAVEDFLIPFLOPNEW_CIR5_ESC19.X_DFLIPFLOPNOINVNEW_CIR2_ESC8.X_INVERTER_CIR2_ESC4.MN1":  Rds at current temperature = -28.4678 is negative. Set to zero.

** Warning: (eldo - 240)  OBJECT "X_MASTERSLAVEDFLIPFLOPNEW_CIR5_ESC19.X_DFLIPFLOPNOINVNEW_CIR2_ESC8.X_INVERTER_CIR1_ESC5.MN1":  RDSW = -28.4678 is negative. Should be set to zero, set PARAMCHK=1 to enable clipping.

** Warning: (eldo - 240)  OBJECT "X_MASTERSLAVEDFLIPFLOPNEW_CIR5_ESC19.X_DFLIPFLOPNOINVNEW_CIR2_ESC8.X_INVERTER_CIR1_ESC5.MN1":  Rds at current temperature = -28.4678 is negative. Set to zero.

** Warning: (eldo - 240)  OBJECT "X_MASTERSLAVEDFLIPFLOPNEW_CIR4_ESC20.X_DFLIPFLOPNOINVNEW_CIR1_ESC7.MN2":  RDSW = -28.4678 is negative. Should be set to zero, set PARAMCHK=1 to enable clipping.

** Warning: (eldo - 240)  OBJECT "X_MASTERSLAVEDFLIPFLOPNEW_CIR4_ESC20.X_DFLIPFLOPNOINVNEW_CIR1_ESC7.MN2":  Rds at current temperature = -28.4678 is negative. Set to zero.

** Warning: (eldo - 240)  OBJECT "X_MASTERSLAVEDFLIPFLOPNEW_CIR4_ESC20.X_DFLIPFLOPNOINVNEW_CIR1_ESC7.MN1":  RDSW = -28.4678 is negative. Should be set to zero, set PARAMCHK=1 to enable clipping.

** Warning: (eldo - 240)  OBJECT "X_MASTERSLAVEDFLIPFLOPNEW_CIR4_ESC20.X_DFLIPFLOPNOINVNEW_CIR1_ESC7.MN1":  Rds at current temperature = -28.4678 is negative. Set to zero.

** Warning: (eldo - 240)  OBJECT "X_MASTERSLAVEDFLIPFLOPNEW_CIR4_ESC20.X_DFLIPFLOPNOINVNEW_CIR1_ESC7.X_INVERTER_CIR3_ESC3.MN1":  RDSW = -28.4678 is negative. Should be set to zero, set PARAMCHK=1 to enable clipping.

** Warning: (eldo - 240)  OBJECT "X_MASTERSLAVEDFLIPFLOPNEW_CIR4_ESC20.X_DFLIPFLOPNOINVNEW_CIR1_ESC7.X_INVERTER_CIR3_ESC3.MN1":  Rds at current temperature = -28.4678 is negative. Set to zero.

** Warning: (eldo - 240)  OBJECT "X_MASTERSLAVEDFLIPFLOPNEW_CIR4_ESC20.X_DFLIPFLOPNOINVNEW_CIR1_ESC7.X_INVERTER_CIR2_ESC4.MN1":  RDSW = -28.4678 is negative. Should be set to zero, set PARAMCHK=1 to enable clipping.

** Warning: (eldo - 240)  OBJECT "X_MASTERSLAVEDFLIPFLOPNEW_CIR4_ESC20.X_DFLIPFLOPNOINVNEW_CIR1_ESC7.X_INVERTER_CIR2_ESC4.MN1":  Rds at current temperature = -28.4678 is negative. Set to zero.

** Warning: (eldo - 240)  OBJECT "X_MASTERSLAVEDFLIPFLOPNEW_CIR4_ESC20.X_DFLIPFLOPNOINVNEW_CIR1_ESC7.X_INVERTER_CIR1_ESC5.MN1":  RDSW = -28.4678 is negative. Should be set to zero, set PARAMCHK=1 to enable clipping.

** Warning: (eldo - 240)  OBJECT "X_MASTERSLAVEDFLIPFLOPNEW_CIR4_ESC20.X_DFLIPFLOPNOINVNEW_CIR1_ESC7.X_INVERTER_CIR1_ESC5.MN1":  Rds at current temperature = -28.4678 is negative. Set to zero.

** Warning: (eldo - 240)  OBJECT "X_MASTERSLAVEDFLIPFLOPNEW_CIR4_ESC20.X_DFLIPFLOPNOINVNEW_CIR2_ESC8.MN2":  RDSW = -28.4678 is negative. Should be set to zero, set PARAMCHK=1 to enable clipping.

** Warning: (eldo - 240)  OBJECT "X_MASTERSLAVEDFLIPFLOPNEW_CIR4_ESC20.X_DFLIPFLOPNOINVNEW_CIR2_ESC8.MN2":  Rds at current temperature = -28.4678 is negative. Set to zero.

** Warning: (eldo - 240)  OBJECT "X_MASTERSLAVEDFLIPFLOPNEW_CIR4_ESC20.X_DFLIPFLOPNOINVNEW_CIR2_ESC8.MN1":  RDSW = -28.4678 is negative. Should be set to zero, set PARAMCHK=1 to enable clipping.

** Warning: (eldo - 240)  OBJECT "X_MASTERSLAVEDFLIPFLOPNEW_CIR4_ESC20.X_DFLIPFLOPNOINVNEW_CIR2_ESC8.MN1":  Rds at current temperature = -28.4678 is negative. Set to zero.

** Warning: (eldo - 240)  OBJECT "X_MASTERSLAVEDFLIPFLOPNEW_CIR4_ESC20.X_DFLIPFLOPNOINVNEW_CIR2_ESC8.X_INVERTER_CIR3_ESC3.MN1":  RDSW = -28.4678 is negative. Should be set to zero, set PARAMCHK=1 to enable clipping.

** Warning: (eldo - 240)  OBJECT "X_MASTERSLAVEDFLIPFLOPNEW_CIR4_ESC20.X_DFLIPFLOPNOINVNEW_CIR2_ESC8.X_INVERTER_CIR3_ESC3.MN1":  Rds at current temperature = -28.4678 is negative. Set to zero.

** Warning: (eldo - 240)  OBJECT "X_MASTERSLAVEDFLIPFLOPNEW_CIR4_ESC20.X_DFLIPFLOPNOINVNEW_CIR2_ESC8.X_INVERTER_CIR2_ESC4.MN1":  RDSW = -28.4678 is negative. Should be set to zero, set PARAMCHK=1 to enable clipping.

** Warning: (eldo - 240)  OBJECT "X_MASTERSLAVEDFLIPFLOPNEW_CIR4_ESC20.X_DFLIPFLOPNOINVNEW_CIR2_ESC8.X_INVERTER_CIR2_ESC4.MN1":  Rds at current temperature = -28.4678 is negative. Set to zero.

** Warning: (eldo - 240)  OBJECT "X_MASTERSLAVEDFLIPFLOPNEW_CIR4_ESC20.X_DFLIPFLOPNOINVNEW_CIR2_ESC8.X_INVERTER_CIR1_ESC5.MN1":  RDSW = -28.4678 is negative. Should be set to zero, set PARAMCHK=1 to enable clipping.

** Warning: (eldo - 240)  OBJECT "X_MASTERSLAVEDFLIPFLOPNEW_CIR4_ESC20.X_DFLIPFLOPNOINVNEW_CIR2_ESC8.X_INVERTER_CIR1_ESC5.MN1":  Rds at current temperature = -28.4678 is negative. Set to zero.

** Warning: (eldo - 240)  OBJECT "X_MASTERSLAVEDFLIPFLOPNEW_CIR3_ESC21.X_DFLIPFLOPNOINVNEW_CIR1_ESC7.MN2":  RDSW = -28.4678 is negative. Should be set to zero, set PARAMCHK=1 to enable clipping.

** Warning: (eldo - 240)  OBJECT "X_MASTERSLAVEDFLIPFLOPNEW_CIR3_ESC21.X_DFLIPFLOPNOINVNEW_CIR1_ESC7.MN2":  Rds at current temperature = -28.4678 is negative. Set to zero.

** Warning: (eldo - 240)  OBJECT "X_MASTERSLAVEDFLIPFLOPNEW_CIR3_ESC21.X_DFLIPFLOPNOINVNEW_CIR1_ESC7.MN1":  RDSW = -28.4678 is negative. Should be set to zero, set PARAMCHK=1 to enable clipping.

** Warning: (eldo - 240)  OBJECT "X_MASTERSLAVEDFLIPFLOPNEW_CIR3_ESC21.X_DFLIPFLOPNOINVNEW_CIR1_ESC7.MN1":  Rds at current temperature = -28.4678 is negative. Set to zero.

** Warning: (eldo - 240)  OBJECT "X_MASTERSLAVEDFLIPFLOPNEW_CIR3_ESC21.X_DFLIPFLOPNOINVNEW_CIR1_ESC7.X_INVERTER_CIR3_ESC3.MN1":  RDSW = -28.4678 is negative. Should be set to zero, set PARAMCHK=1 to enable clipping.

** Warning: (eldo - 240)  OBJECT "X_MASTERSLAVEDFLIPFLOPNEW_CIR3_ESC21.X_DFLIPFLOPNOINVNEW_CIR1_ESC7.X_INVERTER_CIR3_ESC3.MN1":  Rds at current temperature = -28.4678 is negative. Set to zero.

** Warning: (eldo - 240)  OBJECT "X_MASTERSLAVEDFLIPFLOPNEW_CIR3_ESC21.X_DFLIPFLOPNOINVNEW_CIR1_ESC7.X_INVERTER_CIR2_ESC4.MN1":  RDSW = -28.4678 is negative. Should be set to zero, set PARAMCHK=1 to enable clipping.

** Warning: (eldo - 240)  OBJECT "X_MASTERSLAVEDFLIPFLOPNEW_CIR3_ESC21.X_DFLIPFLOPNOINVNEW_CIR1_ESC7.X_INVERTER_CIR2_ESC4.MN1":  Rds at current temperature = -28.4678 is negative. Set to zero.

** Warning: (eldo - 240)  OBJECT "X_MASTERSLAVEDFLIPFLOPNEW_CIR3_ESC21.X_DFLIPFLOPNOINVNEW_CIR1_ESC7.X_INVERTER_CIR1_ESC5.MN1":  RDSW = -28.4678 is negative. Should be set to zero, set PARAMCHK=1 to enable clipping.

** Warning: (eldo - 240)  OBJECT "X_MASTERSLAVEDFLIPFLOPNEW_CIR3_ESC21.X_DFLIPFLOPNOINVNEW_CIR1_ESC7.X_INVERTER_CIR1_ESC5.MN1":  Rds at current temperature = -28.4678 is negative. Set to zero.

** Warning: (eldo - 240)  OBJECT "X_MASTERSLAVEDFLIPFLOPNEW_CIR3_ESC21.X_DFLIPFLOPNOINVNEW_CIR2_ESC8.MN2":  RDSW = -28.4678 is negative. Should be set to zero, set PARAMCHK=1 to enable clipping.

** Warning: (eldo - 240)  OBJECT "X_MASTERSLAVEDFLIPFLOPNEW_CIR3_ESC21.X_DFLIPFLOPNOINVNEW_CIR2_ESC8.MN2":  Rds at current temperature = -28.4678 is negative. Set to zero.

** Warning: (eldo - 240)  OBJECT "X_MASTERSLAVEDFLIPFLOPNEW_CIR3_ESC21.X_DFLIPFLOPNOINVNEW_CIR2_ESC8.MN1":  RDSW = -28.4678 is negative. Should be set to zero, set PARAMCHK=1 to enable clipping.

** Warning: (eldo - 240)  OBJECT "X_MASTERSLAVEDFLIPFLOPNEW_CIR3_ESC21.X_DFLIPFLOPNOINVNEW_CIR2_ESC8.MN1":  Rds at current temperature = -28.4678 is negative. Set to zero.

** Warning: (eldo - 240)  OBJECT "X_MASTERSLAVEDFLIPFLOPNEW_CIR3_ESC21.X_DFLIPFLOPNOINVNEW_CIR2_ESC8.X_INVERTER_CIR3_ESC3.MN1":  RDSW = -28.4678 is negative. Should be set to zero, set PARAMCHK=1 to enable clipping.

** Warning: (eldo - 240)  OBJECT "X_MASTERSLAVEDFLIPFLOPNEW_CIR3_ESC21.X_DFLIPFLOPNOINVNEW_CIR2_ESC8.X_INVERTER_CIR3_ESC3.MN1":  Rds at current temperature = -28.4678 is negative. Set to zero.

** Warning: (eldo - 240)  OBJECT "X_MASTERSLAVEDFLIPFLOPNEW_CIR3_ESC21.X_DFLIPFLOPNOINVNEW_CIR2_ESC8.X_INVERTER_CIR2_ESC4.MN1":  RDSW = -28.4678 is negative. Should be set to zero, set PARAMCHK=1 to enable clipping.

** Warning: (eldo - 240)  OBJECT "X_MASTERSLAVEDFLIPFLOPNEW_CIR3_ESC21.X_DFLIPFLOPNOINVNEW_CIR2_ESC8.X_INVERTER_CIR2_ESC4.MN1":  Rds at current temperature = -28.4678 is negative. Set to zero.

** Warning: (eldo - 240)  OBJECT "X_MASTERSLAVEDFLIPFLOPNEW_CIR3_ESC21.X_DFLIPFLOPNOINVNEW_CIR2_ESC8.X_INVERTER_CIR1_ESC5.MN1":  RDSW = -28.4678 is negative. Should be set to zero, set PARAMCHK=1 to enable clipping.

** Warning: (eldo - 240)  OBJECT "X_MASTERSLAVEDFLIPFLOPNEW_CIR3_ESC21.X_DFLIPFLOPNOINVNEW_CIR2_ESC8.X_INVERTER_CIR1_ESC5.MN1":  Rds at current temperature = -28.4678 is negative. Set to zero.

** Warning: (eldo - 240)  OBJECT "X_MASTERSLAVEDFLIPFLOPNEW_CIR2_ESC22.X_DFLIPFLOPNOINVNEW_CIR1_ESC7.MN2":  RDSW = -28.4678 is negative. Should be set to zero, set PARAMCHK=1 to enable clipping.

** Warning: (eldo - 240)  OBJECT "X_MASTERSLAVEDFLIPFLOPNEW_CIR2_ESC22.X_DFLIPFLOPNOINVNEW_CIR1_ESC7.MN2":  Rds at current temperature = -28.4678 is negative. Set to zero.

** Warning: (eldo - 240)  OBJECT "X_MASTERSLAVEDFLIPFLOPNEW_CIR2_ESC22.X_DFLIPFLOPNOINVNEW_CIR1_ESC7.MN1":  RDSW = -28.4678 is negative. Should be set to zero, set PARAMCHK=1 to enable clipping.

** Warning: (eldo - 240)  OBJECT "X_MASTERSLAVEDFLIPFLOPNEW_CIR2_ESC22.X_DFLIPFLOPNOINVNEW_CIR1_ESC7.MN1":  Rds at current temperature = -28.4678 is negative. Set to zero.

** Warning: (eldo - 240)  OBJECT "X_MASTERSLAVEDFLIPFLOPNEW_CIR2_ESC22.X_DFLIPFLOPNOINVNEW_CIR1_ESC7.X_INVERTER_CIR3_ESC3.MN1":  RDSW = -28.4678 is negative. Should be set to zero, set PARAMCHK=1 to enable clipping.

** Warning: (eldo - 240)  OBJECT "X_MASTERSLAVEDFLIPFLOPNEW_CIR2_ESC22.X_DFLIPFLOPNOINVNEW_CIR1_ESC7.X_INVERTER_CIR3_ESC3.MN1":  Rds at current temperature = -28.4678 is negative. Set to zero.

** Warning: (eldo - 240)  OBJECT "X_MASTERSLAVEDFLIPFLOPNEW_CIR2_ESC22.X_DFLIPFLOPNOINVNEW_CIR1_ESC7.X_INVERTER_CIR2_ESC4.MN1":  RDSW = -28.4678 is negative. Should be set to zero, set PARAMCHK=1 to enable clipping.

** Warning: (eldo - 240)  OBJECT "X_MASTERSLAVEDFLIPFLOPNEW_CIR2_ESC22.X_DFLIPFLOPNOINVNEW_CIR1_ESC7.X_INVERTER_CIR2_ESC4.MN1":  Rds at current temperature = -28.4678 is negative. Set to zero.

** Warning: (eldo - 240)  OBJECT "X_MASTERSLAVEDFLIPFLOPNEW_CIR2_ESC22.X_DFLIPFLOPNOINVNEW_CIR1_ESC7.X_INVERTER_CIR1_ESC5.MN1":  RDSW = -28.4678 is negative. Should be set to zero, set PARAMCHK=1 to enable clipping.

** Warning: (eldo - 240)  OBJECT "X_MASTERSLAVEDFLIPFLOPNEW_CIR2_ESC22.X_DFLIPFLOPNOINVNEW_CIR1_ESC7.X_INVERTER_CIR1_ESC5.MN1":  Rds at current temperature = -28.4678 is negative. Set to zero.

** Warning: (eldo - 240)  OBJECT "X_MASTERSLAVEDFLIPFLOPNEW_CIR2_ESC22.X_DFLIPFLOPNOINVNEW_CIR2_ESC8.MN2":  RDSW = -28.4678 is negative. Should be set to zero, set PARAMCHK=1 to enable clipping.

** Warning: (eldo - 240)  OBJECT "X_MASTERSLAVEDFLIPFLOPNEW_CIR2_ESC22.X_DFLIPFLOPNOINVNEW_CIR2_ESC8.MN2":  Rds at current temperature = -28.4678 is negative. Set to zero.

** Warning: (eldo - 240)  OBJECT "X_MASTERSLAVEDFLIPFLOPNEW_CIR2_ESC22.X_DFLIPFLOPNOINVNEW_CIR2_ESC8.MN1":  RDSW = -28.4678 is negative. Should be set to zero, set PARAMCHK=1 to enable clipping.

** Warning: (eldo - 240)  OBJECT "X_MASTERSLAVEDFLIPFLOPNEW_CIR2_ESC22.X_DFLIPFLOPNOINVNEW_CIR2_ESC8.MN1":  Rds at current temperature = -28.4678 is negative. Set to zero.

** Warning: (eldo - 240)  OBJECT "X_MASTERSLAVEDFLIPFLOPNEW_CIR2_ESC22.X_DFLIPFLOPNOINVNEW_CIR2_ESC8.X_INVERTER_CIR3_ESC3.MN1":  RDSW = -28.4678 is negative. Should be set to zero, set PARAMCHK=1 to enable clipping.

** Warning: (eldo - 240)  OBJECT "X_MASTERSLAVEDFLIPFLOPNEW_CIR2_ESC22.X_DFLIPFLOPNOINVNEW_CIR2_ESC8.X_INVERTER_CIR3_ESC3.MN1":  Rds at current temperature = -28.4678 is negative. Set to zero.

** Warning: (eldo - 240)  OBJECT "X_MASTERSLAVEDFLIPFLOPNEW_CIR2_ESC22.X_DFLIPFLOPNOINVNEW_CIR2_ESC8.X_INVERTER_CIR2_ESC4.MN1":  RDSW = -28.4678 is negative. Should be set to zero, set PARAMCHK=1 to enable clipping.

** Warning: (eldo - 240)  OBJECT "X_MASTERSLAVEDFLIPFLOPNEW_CIR2_ESC22.X_DFLIPFLOPNOINVNEW_CIR2_ESC8.X_INVERTER_CIR2_ESC4.MN1":  Rds at current temperature = -28.4678 is negative. Set to zero.

** Warning: (eldo - 240)  OBJECT "X_MASTERSLAVEDFLIPFLOPNEW_CIR2_ESC22.X_DFLIPFLOPNOINVNEW_CIR2_ESC8.X_INVERTER_CIR1_ESC5.MN1":  RDSW = -28.4678 is negative. Should be set to zero, set PARAMCHK=1 to enable clipping.

** Warning: (eldo - 240)  OBJECT "X_MASTERSLAVEDFLIPFLOPNEW_CIR2_ESC22.X_DFLIPFLOPNOINVNEW_CIR2_ESC8.X_INVERTER_CIR1_ESC5.MN1":  Rds at current temperature = -28.4678 is negative. Set to zero.

** Warning: (eldo - 240)  OBJECT "X_MASTERSLAVEDFLIPFLOPNEW_CIR1_ESC23.X_DFLIPFLOPNOINVNEW_CIR1_ESC7.MN2":  RDSW = -28.4678 is negative. Should be set to zero, set PARAMCHK=1 to enable clipping.

** Warning: (eldo - 240)  OBJECT "X_MASTERSLAVEDFLIPFLOPNEW_CIR1_ESC23.X_DFLIPFLOPNOINVNEW_CIR1_ESC7.MN2":  Rds at current temperature = -28.4678 is negative. Set to zero.

** Warning: (eldo - 240)  OBJECT "X_MASTERSLAVEDFLIPFLOPNEW_CIR1_ESC23.X_DFLIPFLOPNOINVNEW_CIR1_ESC7.MN1":  RDSW = -28.4678 is negative. Should be set to zero, set PARAMCHK=1 to enable clipping.

** Warning: (eldo - 240)  OBJECT "X_MASTERSLAVEDFLIPFLOPNEW_CIR1_ESC23.X_DFLIPFLOPNOINVNEW_CIR1_ESC7.MN1":  Rds at current temperature = -28.4678 is negative. Set to zero.

** Warning: (eldo - 240)  OBJECT "X_MASTERSLAVEDFLIPFLOPNEW_CIR1_ESC23.X_DFLIPFLOPNOINVNEW_CIR1_ESC7.X_INVERTER_CIR3_ESC3.MN1":  RDSW = -28.4678 is negative. Should be set to zero, set PARAMCHK=1 to enable clipping.

** Warning: (eldo - 240)  OBJECT "X_MASTERSLAVEDFLIPFLOPNEW_CIR1_ESC23.X_DFLIPFLOPNOINVNEW_CIR1_ESC7.X_INVERTER_CIR3_ESC3.MN1":  Rds at current temperature = -28.4678 is negative. Set to zero.

** Warning: (eldo - 240)  OBJECT "X_MASTERSLAVEDFLIPFLOPNEW_CIR1_ESC23.X_DFLIPFLOPNOINVNEW_CIR1_ESC7.X_INVERTER_CIR2_ESC4.MN1":  RDSW = -28.4678 is negative. Should be set to zero, set PARAMCHK=1 to enable clipping.

** Warning: (eldo - 240)  OBJECT "X_MASTERSLAVEDFLIPFLOPNEW_CIR1_ESC23.X_DFLIPFLOPNOINVNEW_CIR1_ESC7.X_INVERTER_CIR2_ESC4.MN1":  Rds at current temperature = -28.4678 is negative. Set to zero.

** Warning: (eldo - 240)  OBJECT "X_MASTERSLAVEDFLIPFLOPNEW_CIR1_ESC23.X_DFLIPFLOPNOINVNEW_CIR1_ESC7.X_INVERTER_CIR1_ESC5.MN1":  RDSW = -28.4678 is negative. Should be set to zero, set PARAMCHK=1 to enable clipping.

** Warning: (eldo - 240)  OBJECT "X_MASTERSLAVEDFLIPFLOPNEW_CIR1_ESC23.X_DFLIPFLOPNOINVNEW_CIR1_ESC7.X_INVERTER_CIR1_ESC5.MN1":  Rds at current temperature = -28.4678 is negative. Set to zero.

** Warning: (eldo - 240)  OBJECT "X_MASTERSLAVEDFLIPFLOPNEW_CIR1_ESC23.X_DFLIPFLOPNOINVNEW_CIR2_ESC8.MN2":  RDSW = -28.4678 is negative. Should be set to zero, set PARAMCHK=1 to enable clipping.

** Warning: (eldo - 240)  OBJECT "X_MASTERSLAVEDFLIPFLOPNEW_CIR1_ESC23.X_DFLIPFLOPNOINVNEW_CIR2_ESC8.MN2":  Rds at current temperature = -28.4678 is negative. Set to zero.

** Warning: (eldo - 240)  OBJECT "X_MASTERSLAVEDFLIPFLOPNEW_CIR1_ESC23.X_DFLIPFLOPNOINVNEW_CIR2_ESC8.MN1":  RDSW = -28.4678 is negative. Should be set to zero, set PARAMCHK=1 to enable clipping.

** Warning: (eldo - 240)  OBJECT "X_MASTERSLAVEDFLIPFLOPNEW_CIR1_ESC23.X_DFLIPFLOPNOINVNEW_CIR2_ESC8.MN1":  Rds at current temperature = -28.4678 is negative. Set to zero.

** Warning: (eldo - 240)  OBJECT "X_MASTERSLAVEDFLIPFLOPNEW_CIR1_ESC23.X_DFLIPFLOPNOINVNEW_CIR2_ESC8.X_INVERTER_CIR3_ESC3.MN1":  RDSW = -28.4678 is negative. Should be set to zero, set PARAMCHK=1 to enable clipping.

** Warning: (eldo - 240)  OBJECT "X_MASTERSLAVEDFLIPFLOPNEW_CIR1_ESC23.X_DFLIPFLOPNOINVNEW_CIR2_ESC8.X_INVERTER_CIR3_ESC3.MN1":  Rds at current temperature = -28.4678 is negative. Set to zero.

** Warning: (eldo - 240)  OBJECT "X_MASTERSLAVEDFLIPFLOPNEW_CIR1_ESC23.X_DFLIPFLOPNOINVNEW_CIR2_ESC8.X_INVERTER_CIR2_ESC4.MN1":  RDSW = -28.4678 is negative. Should be set to zero, set PARAMCHK=1 to enable clipping.

** Warning: (eldo - 240)  OBJECT "X_MASTERSLAVEDFLIPFLOPNEW_CIR1_ESC23.X_DFLIPFLOPNOINVNEW_CIR2_ESC8.X_INVERTER_CIR2_ESC4.MN1":  Rds at current temperature = -28.4678 is negative. Set to zero.

** Warning: (eldo - 240)  OBJECT "X_MASTERSLAVEDFLIPFLOPNEW_CIR1_ESC23.X_DFLIPFLOPNOINVNEW_CIR2_ESC8.X_INVERTER_CIR1_ESC5.MN1":  RDSW = -28.4678 is negative. Should be set to zero, set PARAMCHK=1 to enable clipping.

** Warning: (eldo - 240)  OBJECT "X_MASTERSLAVEDFLIPFLOPNEW_CIR1_ESC23.X_DFLIPFLOPNOINVNEW_CIR2_ESC8.X_INVERTER_CIR1_ESC5.MN1":  Rds at current temperature = -28.4678 is negative. Set to zero.

** Warning: (eldo - 240)  OBJECT "X_SIPOPISONEW_CIR1_ESC24.X_Q3.X_DFLIPFLOPNOINVNEW_CIR1_ESC7.MN2":  RDSW = -28.4678 is negative. Should be set to zero, set PARAMCHK=1 to enable clipping.

** Warning: (eldo - 240)  OBJECT "X_SIPOPISONEW_CIR1_ESC24.X_Q3.X_DFLIPFLOPNOINVNEW_CIR1_ESC7.MN2":  Rds at current temperature = -28.4678 is negative. Set to zero.

** Warning: (eldo - 240)  OBJECT "X_SIPOPISONEW_CIR1_ESC24.X_Q3.X_DFLIPFLOPNOINVNEW_CIR1_ESC7.MN1":  RDSW = -28.4678 is negative. Should be set to zero, set PARAMCHK=1 to enable clipping.

** Warning: (eldo - 240)  OBJECT "X_SIPOPISONEW_CIR1_ESC24.X_Q3.X_DFLIPFLOPNOINVNEW_CIR1_ESC7.MN1":  Rds at current temperature = -28.4678 is negative. Set to zero.

** Warning: (eldo - 240)  OBJECT "X_SIPOPISONEW_CIR1_ESC24.X_Q3.X_DFLIPFLOPNOINVNEW_CIR1_ESC7.X_INVERTER_CIR3_ESC3.MN1":  RDSW = -28.4678 is negative. Should be set to zero, set PARAMCHK=1 to enable clipping.

** Warning: (eldo - 240)  OBJECT "X_SIPOPISONEW_CIR1_ESC24.X_Q3.X_DFLIPFLOPNOINVNEW_CIR1_ESC7.X_INVERTER_CIR3_ESC3.MN1":  Rds at current temperature = -28.4678 is negative. Set to zero.

** Warning: (eldo - 240)  OBJECT "X_SIPOPISONEW_CIR1_ESC24.X_Q3.X_DFLIPFLOPNOINVNEW_CIR1_ESC7.X_INVERTER_CIR2_ESC4.MN1":  RDSW = -28.4678 is negative. Should be set to zero, set PARAMCHK=1 to enable clipping.

** Warning: (eldo - 240)  OBJECT "X_SIPOPISONEW_CIR1_ESC24.X_Q3.X_DFLIPFLOPNOINVNEW_CIR1_ESC7.X_INVERTER_CIR2_ESC4.MN1":  Rds at current temperature = -28.4678 is negative. Set to zero.

** Warning: (eldo - 240)  OBJECT "X_SIPOPISONEW_CIR1_ESC24.X_Q3.X_DFLIPFLOPNOINVNEW_CIR1_ESC7.X_INVERTER_CIR1_ESC5.MN1":  RDSW = -28.4678 is negative. Should be set to zero, set PARAMCHK=1 to enable clipping.

** Warning: (eldo - 240)  OBJECT "X_SIPOPISONEW_CIR1_ESC24.X_Q3.X_DFLIPFLOPNOINVNEW_CIR1_ESC7.X_INVERTER_CIR1_ESC5.MN1":  Rds at current temperature = -28.4678 is negative. Set to zero.

** Warning: (eldo - 240)  OBJECT "X_SIPOPISONEW_CIR1_ESC24.X_Q3.X_DFLIPFLOPNOINVNEW_CIR2_ESC8.MN2":  RDSW = -28.4678 is negative. Should be set to zero, set PARAMCHK=1 to enable clipping.

** Warning: (eldo - 240)  OBJECT "X_SIPOPISONEW_CIR1_ESC24.X_Q3.X_DFLIPFLOPNOINVNEW_CIR2_ESC8.MN2":  Rds at current temperature = -28.4678 is negative. Set to zero.

** Warning: (eldo - 240)  OBJECT "X_SIPOPISONEW_CIR1_ESC24.X_Q3.X_DFLIPFLOPNOINVNEW_CIR2_ESC8.MN1":  RDSW = -28.4678 is negative. Should be set to zero, set PARAMCHK=1 to enable clipping.

** Warning: (eldo - 240)  OBJECT "X_SIPOPISONEW_CIR1_ESC24.X_Q3.X_DFLIPFLOPNOINVNEW_CIR2_ESC8.MN1":  Rds at current temperature = -28.4678 is negative. Set to zero.

** Warning: (eldo - 240)  OBJECT "X_SIPOPISONEW_CIR1_ESC24.X_Q3.X_DFLIPFLOPNOINVNEW_CIR2_ESC8.X_INVERTER_CIR3_ESC3.MN1":  RDSW = -28.4678 is negative. Should be set to zero, set PARAMCHK=1 to enable clipping.

** Warning: (eldo - 240)  OBJECT "X_SIPOPISONEW_CIR1_ESC24.X_Q3.X_DFLIPFLOPNOINVNEW_CIR2_ESC8.X_INVERTER_CIR3_ESC3.MN1":  Rds at current temperature = -28.4678 is negative. Set to zero.

** Warning: (eldo - 240)  OBJECT "X_SIPOPISONEW_CIR1_ESC24.X_Q3.X_DFLIPFLOPNOINVNEW_CIR2_ESC8.X_INVERTER_CIR2_ESC4.MN1":  RDSW = -28.4678 is negative. Should be set to zero, set PARAMCHK=1 to enable clipping.

** Warning: (eldo - 240)  OBJECT "X_SIPOPISONEW_CIR1_ESC24.X_Q3.X_DFLIPFLOPNOINVNEW_CIR2_ESC8.X_INVERTER_CIR2_ESC4.MN1":  Rds at current temperature = -28.4678 is negative. Set to zero.

** Warning: (eldo - 240)  OBJECT "X_SIPOPISONEW_CIR1_ESC24.X_Q3.X_DFLIPFLOPNOINVNEW_CIR2_ESC8.X_INVERTER_CIR1_ESC5.MN1":  RDSW = -28.4678 is negative. Should be set to zero, set PARAMCHK=1 to enable clipping.

** Warning: (eldo - 240)  OBJECT "X_SIPOPISONEW_CIR1_ESC24.X_Q3.X_DFLIPFLOPNOINVNEW_CIR2_ESC8.X_INVERTER_CIR1_ESC5.MN1":  Rds at current temperature = -28.4678 is negative. Set to zero.

** Warning: (eldo - 240)  OBJECT "X_SIPOPISONEW_CIR1_ESC24.X_Q2.X_DFLIPFLOPNOINVNEW_CIR1_ESC7.MN2":  RDSW = -28.4678 is negative. Should be set to zero, set PARAMCHK=1 to enable clipping.

** Warning: (eldo - 240)  OBJECT "X_SIPOPISONEW_CIR1_ESC24.X_Q2.X_DFLIPFLOPNOINVNEW_CIR1_ESC7.MN2":  Rds at current temperature = -28.4678 is negative. Set to zero.

** Warning: (eldo - 240)  OBJECT "X_SIPOPISONEW_CIR1_ESC24.X_Q2.X_DFLIPFLOPNOINVNEW_CIR1_ESC7.MN1":  RDSW = -28.4678 is negative. Should be set to zero, set PARAMCHK=1 to enable clipping.

** Warning: (eldo - 240)  OBJECT "X_SIPOPISONEW_CIR1_ESC24.X_Q2.X_DFLIPFLOPNOINVNEW_CIR1_ESC7.MN1":  Rds at current temperature = -28.4678 is negative. Set to zero.

** Warning: (eldo - 240)  OBJECT "X_SIPOPISONEW_CIR1_ESC24.X_Q2.X_DFLIPFLOPNOINVNEW_CIR1_ESC7.X_INVERTER_CIR3_ESC3.MN1":  RDSW = -28.4678 is negative. Should be set to zero, set PARAMCHK=1 to enable clipping.

** Warning: (eldo - 240)  OBJECT "X_SIPOPISONEW_CIR1_ESC24.X_Q2.X_DFLIPFLOPNOINVNEW_CIR1_ESC7.X_INVERTER_CIR3_ESC3.MN1":  Rds at current temperature = -28.4678 is negative. Set to zero.

** Warning: (eldo - 240)  OBJECT "X_SIPOPISONEW_CIR1_ESC24.X_Q2.X_DFLIPFLOPNOINVNEW_CIR1_ESC7.X_INVERTER_CIR2_ESC4.MN1":  RDSW = -28.4678 is negative. Should be set to zero, set PARAMCHK=1 to enable clipping.

** Warning: (eldo - 240)  OBJECT "X_SIPOPISONEW_CIR1_ESC24.X_Q2.X_DFLIPFLOPNOINVNEW_CIR1_ESC7.X_INVERTER_CIR2_ESC4.MN1":  Rds at current temperature = -28.4678 is negative. Set to zero.

** Warning: (eldo - 240)  OBJECT "X_SIPOPISONEW_CIR1_ESC24.X_Q2.X_DFLIPFLOPNOINVNEW_CIR1_ESC7.X_INVERTER_CIR1_ESC5.MN1":  RDSW = -28.4678 is negative. Should be set to zero, set PARAMCHK=1 to enable clipping.

** Warning: (eldo - 240)  OBJECT "X_SIPOPISONEW_CIR1_ESC24.X_Q2.X_DFLIPFLOPNOINVNEW_CIR1_ESC7.X_INVERTER_CIR1_ESC5.MN1":  Rds at current temperature = -28.4678 is negative. Set to zero.

** Warning: (eldo - 240)  OBJECT "X_SIPOPISONEW_CIR1_ESC24.X_Q2.X_DFLIPFLOPNOINVNEW_CIR2_ESC8.MN2":  RDSW = -28.4678 is negative. Should be set to zero, set PARAMCHK=1 to enable clipping.

** Warning: (eldo - 240)  OBJECT "X_SIPOPISONEW_CIR1_ESC24.X_Q2.X_DFLIPFLOPNOINVNEW_CIR2_ESC8.MN2":  Rds at current temperature = -28.4678 is negative. Set to zero.

** Warning: (eldo - 240)  OBJECT "X_SIPOPISONEW_CIR1_ESC24.X_Q2.X_DFLIPFLOPNOINVNEW_CIR2_ESC8.MN1":  RDSW = -28.4678 is negative. Should be set to zero, set PARAMCHK=1 to enable clipping.

** Warning: (eldo - 240)  OBJECT "X_SIPOPISONEW_CIR1_ESC24.X_Q2.X_DFLIPFLOPNOINVNEW_CIR2_ESC8.MN1":  Rds at current temperature = -28.4678 is negative. Set to zero.

** Warning: (eldo - 240)  OBJECT "X_SIPOPISONEW_CIR1_ESC24.X_Q2.X_DFLIPFLOPNOINVNEW_CIR2_ESC8.X_INVERTER_CIR3_ESC3.MN1":  RDSW = -28.4678 is negative. Should be set to zero, set PARAMCHK=1 to enable clipping.

** Warning: (eldo - 240)  OBJECT "X_SIPOPISONEW_CIR1_ESC24.X_Q2.X_DFLIPFLOPNOINVNEW_CIR2_ESC8.X_INVERTER_CIR3_ESC3.MN1":  Rds at current temperature = -28.4678 is negative. Set to zero.

** Warning: (eldo - 240)  OBJECT "X_SIPOPISONEW_CIR1_ESC24.X_Q2.X_DFLIPFLOPNOINVNEW_CIR2_ESC8.X_INVERTER_CIR2_ESC4.MN1":  RDSW = -28.4678 is negative. Should be set to zero, set PARAMCHK=1 to enable clipping.

** Warning: (eldo - 240)  OBJECT "X_SIPOPISONEW_CIR1_ESC24.X_Q2.X_DFLIPFLOPNOINVNEW_CIR2_ESC8.X_INVERTER_CIR2_ESC4.MN1":  Rds at current temperature = -28.4678 is negative. Set to zero.

** Warning: (eldo - 240)  OBJECT "X_SIPOPISONEW_CIR1_ESC24.X_Q2.X_DFLIPFLOPNOINVNEW_CIR2_ESC8.X_INVERTER_CIR1_ESC5.MN1":  RDSW = -28.4678 is negative. Should be set to zero, set PARAMCHK=1 to enable clipping.

** Warning: (eldo - 240)  OBJECT "X_SIPOPISONEW_CIR1_ESC24.X_Q2.X_DFLIPFLOPNOINVNEW_CIR2_ESC8.X_INVERTER_CIR1_ESC5.MN1":  Rds at current temperature = -28.4678 is negative. Set to zero.

** Warning: (eldo - 240)  OBJECT "X_SIPOPISONEW_CIR1_ESC24.X_Q1.X_DFLIPFLOPNOINVNEW_CIR1_ESC7.MN2":  RDSW = -28.4678 is negative. Should be set to zero, set PARAMCHK=1 to enable clipping.

** Warning: (eldo - 240)  OBJECT "X_SIPOPISONEW_CIR1_ESC24.X_Q1.X_DFLIPFLOPNOINVNEW_CIR1_ESC7.MN2":  Rds at current temperature = -28.4678 is negative. Set to zero.

** Warning: (eldo - 240)  OBJECT "X_SIPOPISONEW_CIR1_ESC24.X_Q1.X_DFLIPFLOPNOINVNEW_CIR1_ESC7.MN1":  RDSW = -28.4678 is negative. Should be set to zero, set PARAMCHK=1 to enable clipping.

** Warning: (eldo - 240)  OBJECT "X_SIPOPISONEW_CIR1_ESC24.X_Q1.X_DFLIPFLOPNOINVNEW_CIR1_ESC7.MN1":  Rds at current temperature = -28.4678 is negative. Set to zero.

** Warning: (eldo - 240)  OBJECT "X_SIPOPISONEW_CIR1_ESC24.X_Q1.X_DFLIPFLOPNOINVNEW_CIR1_ESC7.X_INVERTER_CIR3_ESC3.MN1":  RDSW = -28.4678 is negative. Should be set to zero, set PARAMCHK=1 to enable clipping.

** Warning: (eldo - 240)  OBJECT "X_SIPOPISONEW_CIR1_ESC24.X_Q1.X_DFLIPFLOPNOINVNEW_CIR1_ESC7.X_INVERTER_CIR3_ESC3.MN1":  Rds at current temperature = -28.4678 is negative. Set to zero.

** Warning: (eldo - 240)  OBJECT "X_SIPOPISONEW_CIR1_ESC24.X_Q1.X_DFLIPFLOPNOINVNEW_CIR1_ESC7.X_INVERTER_CIR2_ESC4.MN1":  RDSW = -28.4678 is negative. Should be set to zero, set PARAMCHK=1 to enable clipping.

** Warning: (eldo - 240)  OBJECT "X_SIPOPISONEW_CIR1_ESC24.X_Q1.X_DFLIPFLOPNOINVNEW_CIR1_ESC7.X_INVERTER_CIR2_ESC4.MN1":  Rds at current temperature = -28.4678 is negative. Set to zero.

** Warning: (eldo - 240)  OBJECT "X_SIPOPISONEW_CIR1_ESC24.X_Q1.X_DFLIPFLOPNOINVNEW_CIR1_ESC7.X_INVERTER_CIR1_ESC5.MN1":  RDSW = -28.4678 is negative. Should be set to zero, set PARAMCHK=1 to enable clipping.

** Warning: (eldo - 240)  OBJECT "X_SIPOPISONEW_CIR1_ESC24.X_Q1.X_DFLIPFLOPNOINVNEW_CIR1_ESC7.X_INVERTER_CIR1_ESC5.MN1":  Rds at current temperature = -28.4678 is negative. Set to zero.

** Warning: (eldo - 240)  OBJECT "X_SIPOPISONEW_CIR1_ESC24.X_Q1.X_DFLIPFLOPNOINVNEW_CIR2_ESC8.MN2":  RDSW = -28.4678 is negative. Should be set to zero, set PARAMCHK=1 to enable clipping.

** Warning: (eldo - 240)  OBJECT "X_SIPOPISONEW_CIR1_ESC24.X_Q1.X_DFLIPFLOPNOINVNEW_CIR2_ESC8.MN2":  Rds at current temperature = -28.4678 is negative. Set to zero.

** Warning: (eldo - 240)  OBJECT "X_SIPOPISONEW_CIR1_ESC24.X_Q1.X_DFLIPFLOPNOINVNEW_CIR2_ESC8.MN1":  RDSW = -28.4678 is negative. Should be set to zero, set PARAMCHK=1 to enable clipping.

** Warning: (eldo - 240)  OBJECT "X_SIPOPISONEW_CIR1_ESC24.X_Q1.X_DFLIPFLOPNOINVNEW_CIR2_ESC8.MN1":  Rds at current temperature = -28.4678 is negative. Set to zero.

** Warning: (eldo - 240)  OBJECT "X_SIPOPISONEW_CIR1_ESC24.X_Q1.X_DFLIPFLOPNOINVNEW_CIR2_ESC8.X_INVERTER_CIR3_ESC3.MN1":  RDSW = -28.4678 is negative. Should be set to zero, set PARAMCHK=1 to enable clipping.

** Warning: (eldo - 240)  OBJECT "X_SIPOPISONEW_CIR1_ESC24.X_Q1.X_DFLIPFLOPNOINVNEW_CIR2_ESC8.X_INVERTER_CIR3_ESC3.MN1":  Rds at current temperature = -28.4678 is negative. Set to zero.

** Warning: (eldo - 240)  OBJECT "X_SIPOPISONEW_CIR1_ESC24.X_Q1.X_DFLIPFLOPNOINVNEW_CIR2_ESC8.X_INVERTER_CIR2_ESC4.MN1":  RDSW = -28.4678 is negative. Should be set to zero, set PARAMCHK=1 to enable clipping.

** Warning: (eldo - 240)  OBJECT "X_SIPOPISONEW_CIR1_ESC24.X_Q1.X_DFLIPFLOPNOINVNEW_CIR2_ESC8.X_INVERTER_CIR2_ESC4.MN1":  Rds at current temperature = -28.4678 is negative. Set to zero.

** Warning: (eldo - 240)  OBJECT "X_SIPOPISONEW_CIR1_ESC24.X_Q1.X_DFLIPFLOPNOINVNEW_CIR2_ESC8.X_INVERTER_CIR1_ESC5.MN1":  RDSW = -28.4678 is negative. Should be set to zero, set PARAMCHK=1 to enable clipping.

** Warning: (eldo - 240)  OBJECT "X_SIPOPISONEW_CIR1_ESC24.X_Q1.X_DFLIPFLOPNOINVNEW_CIR2_ESC8.X_INVERTER_CIR1_ESC5.MN1":  Rds at current temperature = -28.4678 is negative. Set to zero.

